#
# There is insufficient memory for the Java Runtime Environment to continue.
# Native memory allocation (malloc) failed to allocate 32744 bytes for ChunkPool::allocate
# Possible reasons:
#   The system is out of physical RAM or swap space
#   The process is running with CompressedOops enabled, and the Java Heap may be blocking the growth of the native heap
# Possible solutions:
#   Reduce memory load on the system
#   Increase physical memory or swap space
#   Check if swap backing store is full
#   Decrease Java heap size (-Xmx/-Xms)
#   Decrease number of Java threads
#   Decrease Java thread stack sizes (-Xss)
#   Set larger code cache with -XX:ReservedCodeCacheSize=
#   JVM is running with Unscaled Compressed Oops mode in which the Java heap is
#     placed in the first 4GB address space. The Java Heap base address is the
#     maximum limit for the native heap growth. Please use -XX:HeapBaseMinAddress
#     to set the Java Heap base and to place the Java Heap above 4GB virtual address.
# This output file may be truncated or incomplete.
#
#  Out of Memory Error (allocation.cpp:272), pid=11160, tid=0x0000000000004b34
#
# JRE version: OpenJDK Runtime Environment (8.0_252-b02) (build 1.8.0_252-release-1649-b2)
# Java VM: OpenJDK 64-Bit Server VM (25.252-b2 mixed mode windows-amd64 compressed oops)
# Failed to write core dump. Minidumps are not enabled by default on client versions of Windows
#

---------------  T H R E A D  ---------------

Current thread (0x00000000167e9800):  JavaThread "C2 CompilerThread1" daemon [_thread_in_native, id=19252, stack(0x00000000170b0000,0x00000000171b0000)]

Stack: [0x00000000170b0000,0x00000000171b0000]
[error occurred during error reporting (printing stack bounds), id 0xc0000005]

Native frames: (J=compiled Java code, j=interpreted, Vv=VM code, C=native code)


Current CompileTask:
C2:   2978 1525   !   4       java.net.URLClassLoader$1::run (63 bytes)


---------------  P R O C E S S  ---------------

Java Threads: ( => current thread )
  0x00000000197a6000 JavaThread "Cache worker for checksums cache (D:\learningMaterials\Future\my-deveco-studio\workspace\a_team_timestory\project\TimeStory\.gradle\checksums)" [_thread_blocked, id=9756, stack(0x000000001c310000,0x000000001c410000)]
  0x00000000197a4000 JavaThread "Cache worker for file hash cache (C:\Users\Administrator\.gradle\caches\6.3\fileHashes)" [_thread_blocked, id=9044, stack(0x000000001b040000,0x000000001b140000)]
  0x00000000197a7000 JavaThread "File lock request listener" [_thread_in_native, id=17304, stack(0x000000001af40000,0x000000001b040000)]
  0x0000000019501000 JavaThread "Cache worker for journal cache (C:\Users\Administrator\.gradle\caches\journal-1)" [_thread_blocked, id=17800, stack(0x000000001ae40000,0x000000001af40000)]
  0x00000000195b2000 JavaThread "Thread-9" [_thread_blocked, id=14352, stack(0x000000001ab40000,0x000000001ac40000)]
  0x00000000186ac000 JavaThread "Stdin handler" [_thread_blocked, id=9220, stack(0x000000001aa40000,0x000000001ab40000)]
  0x00000000186a9000 JavaThread "Asynchronous log dispatcher for DefaultDaemonConnection: socket connection from /127.0.0.1:53226 to /127.0.0.1:53227" [_thread_blocked, id=8144, stack(0x000000001a940000,0x000000001aa40000)]
  0x0000000018fd6800 JavaThread "Daemon worker" [_thread_in_vm, id=7412, stack(0x000000001a840000,0x000000001a940000)]
  0x0000000018ee5000 JavaThread "Cancel handler" [_thread_blocked, id=17336, stack(0x000000001a740000,0x000000001a840000)]
  0x00000000193c6800 JavaThread "Handler for socket connection from /127.0.0.1:53226 to /127.0.0.1:53227" [_thread_in_native, id=15924, stack(0x000000001a440000,0x000000001a540000)]
  0x0000000019011800 JavaThread "Daemon" [_thread_blocked, id=13404, stack(0x000000001a340000,0x000000001a440000)]
  0x0000000019010800 JavaThread "Daemon periodic checks" [_thread_blocked, id=6904, stack(0x000000001a240000,0x000000001a340000)]
  0x0000000018d6c800 JavaThread "Incoming local TCP Connector on port 53226" [_thread_in_native, id=18244, stack(0x000000001a090000,0x000000001a190000)]
  0x0000000019037800 JavaThread "Daemon health stats" [_thread_blocked, id=10648, stack(0x0000000018d80000,0x0000000018e80000)]
  0x00000000168d1000 JavaThread "Service Thread" daemon [_thread_blocked, id=8304, stack(0x00000000173b0000,0x00000000174b0000)]
  0x0000000016847800 JavaThread "C1 CompilerThread3" daemon [_thread_in_native, id=5192, stack(0x00000000172b0000,0x00000000173b0000)]
  0x0000000016843800 JavaThread "C2 CompilerThread2" daemon [_thread_in_native, id=9636, stack(0x00000000171b0000,0x00000000172b0000)]
=>0x00000000167e9800 JavaThread "C2 CompilerThread1" daemon [_thread_in_native, id=19252, stack(0x00000000170b0000,0x00000000171b0000)]
  0x00000000167e7800 JavaThread "C2 CompilerThread0" daemon [_thread_blocked, id=6788, stack(0x0000000016fb0000,0x00000000170b0000)]
  0x0000000016840800 JavaThread "Attach Listener" daemon [_thread_blocked, id=15312, stack(0x0000000016eb0000,0x0000000016fb0000)]
  0x000000001683f800 JavaThread "Signal Dispatcher" daemon [_thread_blocked, id=2000, stack(0x0000000016db0000,0x0000000016eb0000)]
  0x00000000149dd000 JavaThread "Finalizer" daemon [_thread_blocked, id=6068, stack(0x0000000016cb0000,0x0000000016db0000)]
  0x00000000167d0800 JavaThread "Reference Handler" daemon [_thread_blocked, id=9900, stack(0x0000000016bb0000,0x0000000016cb0000)]
  0x0000000002c0e000 JavaThread "main" [_thread_blocked, id=15236, stack(0x0000000003020000,0x0000000003120000)]

Other Threads:
  0x00000000149d7800 VMThread [stack: 0x00000000166b0000,0x00000000167b0000] [id=9880]
  0x00000000168d9800 WatcherThread [stack: 0x00000000174b0000,0x00000000175b0000] [id=6252]

VM state:not at safepoint (normal execution)

VM Mutex/Monitor currently owned by a thread: None

heap address: 0x00000000e0000000, size: 512 MB, Compressed Oops mode: 32-bit
Narrow klass base: 0x0000000000000000, Narrow klass shift: 3
Compressed class space size: 1073741824 Address: 0x0000000100000000

Heap:
 PSYoungGen      total 76288K, used 54955K [0x00000000f5580000, 0x00000000faa80000, 0x0000000100000000)
  eden space 65536K, 68% used [0x00000000f5580000,0x00000000f81926c8,0x00000000f9580000)
  from space 10752K, 91% used [0x00000000fa000000,0x00000000fa998560,0x00000000faa80000)
  to   space 10752K, 0% used [0x00000000f9580000,0x00000000f9580000,0x00000000fa000000)
 ParOldGen       total 175104K, used 24K [0x00000000e0000000, 0x00000000eab00000, 0x00000000f5580000)
  object space 175104K, 0% used [0x00000000e0000000,0x00000000e0006000,0x00000000eab00000)
 Metaspace       used 18568K, capacity 19232K, committed 19456K, reserved 1067008K
  class space    used 2554K, capacity 2750K, committed 2816K, reserved 1048576K

Card table byte_map: [0x00000000125e0000,0x00000000126f0000] byte_map_base: 0x0000000011ee0000

Marking Bits: (ParMarkBitMap*) 0x0000000075101020
 Begin Bits: [0x0000000012ef0000, 0x00000000136f0000)
 End Bits:   [0x00000000136f0000, 0x0000000013ef0000)

Polling page: 0x0000000000ea0000

CodeCache: size=245760Kb used=5851Kb max_used=5851Kb free=239909Kb
 bounds [0x0000000003220000, 0x00000000037e0000, 0x0000000012220000]
 total_blobs=2063 nmethods=1651 adapters=325
 compilation: enabled

Compilation events (10 events):
Event: 2.948 Thread 0x0000000016847800 1649       3       org.objectweb.asm.SymbolTable::hash (10 bytes)
Event: 2.948 Thread 0x0000000016847800 nmethod 1649 0x00000000037d5690 code [0x00000000037d5800, 0x00000000037d5a08]
Event: 2.958 Thread 0x0000000016847800 1650       3       java.util.concurrent.locks.AbstractQueuedSynchronizer::release (33 bytes)
Event: 2.958 Thread 0x0000000016847800 nmethod 1650 0x00000000037d7b90 code [0x00000000037d7d00, 0x00000000037d8018]
Event: 2.958 Thread 0x0000000016847800 1651       3       java.util.concurrent.locks.ReentrantLock$Sync::tryRelease (45 bytes)
Event: 2.959 Thread 0x0000000016847800 nmethod 1651 0x00000000037d8110 code [0x00000000037d82a0, 0x00000000037d8848]
Event: 2.960 Thread 0x0000000016847800 1652       3       java.util.concurrent.locks.AbstractQueuedSynchronizer::compareAndSetState (13 bytes)
Event: 2.960 Thread 0x0000000016847800 nmethod 1652 0x00000000037d8990 code [0x00000000037d8ae0, 0x00000000037d8c50]
Event: 2.964 Thread 0x0000000016847800 1653       3       org.gradle.internal.service.DefaultServiceRegistry$ParentServices::getService (11 bytes)
Event: 2.964 Thread 0x0000000016847800 nmethod 1653 0x00000000037d8cd0 code [0x00000000037d8e40, 0x00000000037d9068]

GC Heap History (4 events):
Event: 0.809 GC heap before
{Heap before GC invocations=1 (full 0):
 PSYoungGen      total 76288K, used 65536K [0x00000000f5580000, 0x00000000faa80000, 0x0000000100000000)
  eden space 65536K, 100% used [0x00000000f5580000,0x00000000f9580000,0x00000000f9580000)
  from space 10752K, 0% used [0x00000000fa000000,0x00000000fa000000,0x00000000faa80000)
  to   space 10752K, 0% used [0x00000000f9580000,0x00000000f9580000,0x00000000fa000000)
 ParOldGen       total 175104K, used 0K [0x00000000e0000000, 0x00000000eab00000, 0x00000000f5580000)
  object space 175104K, 0% used [0x00000000e0000000,0x00000000e0000000,0x00000000eab00000)
 Metaspace       used 7827K, capacity 8058K, committed 8320K, reserved 1056768K
  class space    used 950K, capacity 1045K, committed 1152K, reserved 1048576K
Event: 0.814 GC heap after
Heap after GC invocations=1 (full 0):
 PSYoungGen      total 76288K, used 6067K [0x00000000f5580000, 0x00000000faa80000, 0x0000000100000000)
  eden space 65536K, 0% used [0x00000000f5580000,0x00000000f5580000,0x00000000f9580000)
  from space 10752K, 56% used [0x00000000f9580000,0x00000000f9b6cef8,0x00000000fa000000)
  to   space 10752K, 0% used [0x00000000fa000000,0x00000000fa000000,0x00000000faa80000)
 ParOldGen       total 175104K, used 16K [0x00000000e0000000, 0x00000000eab00000, 0x00000000f5580000)
  object space 175104K, 0% used [0x00000000e0000000,0x00000000e0004000,0x00000000eab00000)
 Metaspace       used 7827K, capacity 8058K, committed 8320K, reserved 1056768K
  class space    used 950K, capacity 1045K, committed 1152K, reserved 1048576K
}
Event: 2.681 GC heap before
{Heap before GC invocations=2 (full 0):
 PSYoungGen      total 76288K, used 71454K [0x00000000f5580000, 0x00000000faa80000, 0x0000000100000000)
  eden space 65536K, 99% used [0x00000000f5580000,0x00000000f955ab28,0x00000000f9580000)
  from space 10752K, 56% used [0x00000000f9580000,0x00000000f9b6cef8,0x00000000fa000000)
  to   space 10752K, 0% used [0x00000000fa000000,0x00000000fa000000,0x00000000faa80000)
 ParOldGen       total 175104K, used 16K [0x00000000e0000000, 0x00000000eab00000, 0x00000000f5580000)
  object space 175104K, 0% used [0x00000000e0000000,0x00000000e0004000,0x00000000eab00000)
 Metaspace       used 14443K, capacity 14950K, committed 15232K, reserved 1062912K
  class space    used 1963K, capacity 2099K, committed 2176K, reserved 1048576K
Event: 2.687 GC heap after
Heap after GC invocations=2 (full 0):
 PSYoungGen      total 76288K, used 9825K [0x00000000f5580000, 0x00000000faa80000, 0x0000000100000000)
  eden space 65536K, 0% used [0x00000000f5580000,0x00000000f5580000,0x00000000f9580000)
  from space 10752K, 91% used [0x00000000fa000000,0x00000000fa998560,0x00000000faa80000)
  to   space 10752K, 0% used [0x00000000f9580000,0x00000000f9580000,0x00000000fa000000)
 ParOldGen       total 175104K, used 24K [0x00000000e0000000, 0x00000000eab00000, 0x00000000f5580000)
  object space 175104K, 0% used [0x00000000e0000000,0x00000000e0006000,0x00000000eab00000)
 Metaspace       used 14443K, capacity 14950K, committed 15232K, reserved 1062912K
  class space    used 1963K, capacity 2099K, committed 2176K, reserved 1048576K
}

Deoptimization events (10 events):
Event: 2.522 Thread 0x0000000018fd6800 Uncommon trap: reason=bimorphic action=maybe_recompile pc=0x00000000034f81d8 method=java.util.HashMap.putVal(ILjava/lang/Object;Ljava/lang/Object;ZZ)Ljava/lang/Object; @ 253
Event: 2.522 Thread 0x0000000018fd6800 Uncommon trap: reason=bimorphic action=maybe_recompile pc=0x00000000034f81d8 method=java.util.HashMap.putVal(ILjava/lang/Object;Ljava/lang/Object;ZZ)Ljava/lang/Object; @ 253
Event: 2.522 Thread 0x0000000018fd6800 Uncommon trap: reason=bimorphic action=maybe_recompile pc=0x00000000034f81d8 method=java.util.HashMap.putVal(ILjava/lang/Object;Ljava/lang/Object;ZZ)Ljava/lang/Object; @ 253
Event: 2.523 Thread 0x0000000018fd6800 Uncommon trap: reason=bimorphic action=maybe_recompile pc=0x00000000034f53c0 method=java.util.HashMap.putVal(ILjava/lang/Object;Ljava/lang/Object;ZZ)Ljava/lang/Object; @ 253
Event: 2.649 Thread 0x0000000018fd6800 Uncommon trap: reason=class_check action=maybe_recompile pc=0x0000000003563e18 method=java.util.regex.Matcher.match(II)Z @ 86
Event: 2.649 Thread 0x0000000018fd6800 Uncommon trap: reason=class_check action=maybe_recompile pc=0x0000000003563e18 method=java.util.regex.Matcher.match(II)Z @ 86
Event: 2.649 Thread 0x0000000018fd6800 Uncommon trap: reason=class_check action=maybe_recompile pc=0x0000000003563e18 method=java.util.regex.Matcher.match(II)Z @ 86
Event: 2.649 Thread 0x0000000018fd6800 Uncommon trap: reason=class_check action=maybe_recompile pc=0x00000000033ddbcc method=java.util.regex.Matcher.match(II)Z @ 86
Event: 2.802 Thread 0x0000000018fd6800 Uncommon trap: reason=unstable_if action=reinterpret pc=0x000000000355405c method=java.io.File.getName()Ljava/lang/String; @ 16
Event: 2.854 Thread 0x0000000018fd6800 Uncommon trap: reason=unstable_if action=reinterpret pc=0x000000000360be40 method=sun.nio.cs.UTF_8$Decoder.decodeArrayLoop(Ljava/nio/ByteBuffer;Ljava/nio/CharBuffer;)Ljava/nio/charset/CoderResult; @ 110

Classes redefined (0 events):
No events

Internal exceptions (10 events):
Event: 2.495 Thread 0x00000000193c6800 Exception <a 'java/lang/NoSuchMethodError': <clinit>> (0x00000000f75d1a28) thrown at [C:\BuildAgent\work\75d02d3d85d636f1\hotspot\src\share\vm\prims\jni.cpp, line 1615]
Event: 2.496 Thread 0x00000000193c6800 Exception <a 'java/lang/NoSuchMethodError': <clinit>> (0x00000000f75da5c8) thrown at [C:\BuildAgent\work\75d02d3d85d636f1\hotspot\src\share\vm\prims\jni.cpp, line 1615]
Event: 2.497 Thread 0x00000000193c6800 Exception <a 'java/lang/NoSuchMethodError': <clinit>> (0x00000000f75f0f68) thrown at [C:\BuildAgent\work\75d02d3d85d636f1\hotspot\src\share\vm\prims\jni.cpp, line 1615]
Event: 2.503 Thread 0x00000000193c6800 Exception <a 'java/lang/NoSuchMethodError': <clinit>> (0x00000000f76543a0) thrown at [C:\BuildAgent\work\75d02d3d85d636f1\hotspot\src\share\vm\prims\jni.cpp, line 1615]
Event: 2.505 Thread 0x00000000193c6800 Exception <a 'java/lang/NoSuchMethodError': <clinit>> (0x00000000f7681078) thrown at [C:\BuildAgent\work\75d02d3d85d636f1\hotspot\src\share\vm\prims\jni.cpp, line 1615]
Event: 2.506 Thread 0x00000000193c6800 Exception <a 'java/lang/NoSuchMethodError': <clinit>> (0x00000000f769d0b8) thrown at [C:\BuildAgent\work\75d02d3d85d636f1\hotspot\src\share\vm\prims\jni.cpp, line 1615]
Event: 2.829 Thread 0x0000000018fd6800 Exception <a 'java/lang/NoSuchMethodError': java.lang.Object.lambda$and$0(Ljava/util/function/Predicate;Ljava/lang/Object;)Z> (0x00000000f6ec8848) thrown at [C:\BuildAgent\work\75d02d3d85d636f1\hotspot\src\share\vm\interpreter\linkResolver.cpp, line 620]
Event: 2.833 Thread 0x0000000018fd6800 Exception <a 'java/lang/IncompatibleClassChangeError': Found class java.lang.Object, but interface was expected> (0x00000000f6ed9038) thrown at [C:\BuildAgent\work\75d02d3d85d636f1\hotspot\src\share\vm\interpreter\linkResolver.cpp, line 653]
Event: 2.834 Thread 0x0000000018fd6800 Exception <a 'java/lang/NoSuchMethodError': java.lang.Object.lambda$or$2(Ljava/util/function/Predicate;Ljava/lang/Object;)Z> (0x00000000f6eddf58) thrown at [C:\BuildAgent\work\75d02d3d85d636f1\hotspot\src\share\vm\interpreter\linkResolver.cpp, line 620]
Event: 2.846 Thread 0x0000000018fd6800 Exception <a 'java/lang/NoSuchMethodError': java.lang.Object.lambda$static$0()Ljava/lang/String;> (0x00000000f7031dc0) thrown at [C:\BuildAgent\work\75d02d3d85d636f1\hotspot\src\share\vm\interpreter\linkResolver.cpp, line 620]

Events (10 events):
Event: 2.965 loading class org/gradle/internal/resource/transport/http/DefaultSslContextFactory$SslContextCacheLoader
Event: 2.965 loading class org/gradle/internal/resource/transport/http/DefaultSslContextFactory$SslContextCacheLoader done
Event: 2.966 loading class org/apache/http/ssl/SSLInitializationException
Event: 2.966 loading class org/apache/http/ssl/SSLInitializationException done
Event: 2.966 loading class org/gradle/internal/resource/transport/http/HttpConnectorFactory
Event: 2.966 loading class org/gradle/internal/resource/transport/http/HttpConnectorFactory done
Event: 2.966 loading class org/gradle/internal/resource/transfer/ExternalResourceUploader
Event: 2.966 loading class org/gradle/internal/resource/transfer/ExternalResourceUploader done
Event: 2.967 loading class org/gradle/internal/resource/transfer/ExternalResourceLister
Event: 2.967 loading class org/gradle/internal/resource/transfer/ExternalResourceLister done


Dynamic libraries:
0x00007ff7559a0000 - 0x00007ff7559d1000 	D:\learningMaterials\Future\my-deveco-studio\software\DevEco Studio\jbr\bin\java.exe
0x00007ffccc6c0000 - 0x00007ffccc8b0000 	C:\Windows\SYSTEM32\ntdll.dll
0x00007ffccaad0000 - 0x00007ffccab82000 	C:\Windows\System32\KERNEL32.DLL
0x00007ffcca390000 - 0x00007ffcca633000 	C:\Windows\System32\KERNELBASE.dll
0x00007ffccb400000 - 0x00007ffccb4a3000 	C:\Windows\System32\ADVAPI32.dll
0x00007ffcca770000 - 0x00007ffcca80e000 	C:\Windows\System32\msvcrt.dll
0x00007ffccb360000 - 0x00007ffccb3f7000 	C:\Windows\System32\sechost.dll
0x00007ffccb4f0000 - 0x00007ffccb610000 	C:\Windows\System32\RPCRT4.dll
0x00007ffccc360000 - 0x00007ffccc4f4000 	C:\Windows\System32\USER32.dll
0x00007ffcc9860000 - 0x00007ffcc9881000 	C:\Windows\System32\win32u.dll
0x00007ffcca950000 - 0x00007ffcca976000 	C:\Windows\System32\GDI32.dll
0x00007ffcc9890000 - 0x00007ffcc9a24000 	C:\Windows\System32\gdi32full.dll
0x00007ffcc97a0000 - 0x00007ffcc983e000 	C:\Windows\System32\msvcp_win.dll
0x00007ffcca290000 - 0x00007ffcca38a000 	C:\Windows\System32\ucrtbase.dll
0x00007ffcb5970000 - 0x00007ffcb5bf5000 	C:\Windows\WinSxS\amd64_microsoft.windows.common-controls_6595b64144ccf1df_6.0.18362.592_none_e6c0b1911312be02\COMCTL32.dll
0x00007ffccab90000 - 0x00007ffccaec6000 	C:\Windows\System32\combase.dll
0x00007ffcca640000 - 0x00007ffcca6c0000 	C:\Windows\System32\bcryptPrimitives.dll
0x00007ffccb4b0000 - 0x00007ffccb4de000 	C:\Windows\System32\IMM32.DLL
0x0000000074770000 - 0x0000000074842000 	D:\learningMaterials\Future\my-deveco-studio\software\DevEco Studio\jbr\jre\bin\msvcr100.dll
0x0000000074930000 - 0x000000007517d000 	D:\learningMaterials\Future\my-deveco-studio\software\DevEco Studio\jbr\jre\bin\server\jvm.dll
0x00007ffccb1e0000 - 0x00007ffccb1e8000 	C:\Windows\System32\PSAPI.DLL
0x00007ffcc2730000 - 0x00007ffcc2739000 	C:\Windows\SYSTEM32\WSOCK32.dll
0x00007ffccbd80000 - 0x00007ffccbdef000 	C:\Windows\System32\WS2_32.dll
0x00007ffcc71d0000 - 0x00007ffcc71f4000 	C:\Windows\SYSTEM32\WINMM.dll
0x00007ffcc9190000 - 0x00007ffcc919a000 	C:\Windows\SYSTEM32\VERSION.dll
0x00007ffcc6e30000 - 0x00007ffcc6e5d000 	C:\Windows\SYSTEM32\winmmbase.dll
0x00007ffcc9a30000 - 0x00007ffcc9a7a000 	C:\Windows\System32\cfgmgr32.dll
0x00007ffcbbc30000 - 0x00007ffcbbc3f000 	D:\learningMaterials\Future\my-deveco-studio\software\DevEco Studio\jbr\jre\bin\verify.dll
0x00007ffcba0d0000 - 0x00007ffcba0f9000 	D:\learningMaterials\Future\my-deveco-studio\software\DevEco Studio\jbr\jre\bin\java.dll
0x00007ffcba560000 - 0x00007ffcba576000 	D:\learningMaterials\Future\my-deveco-studio\software\DevEco Studio\jbr\jre\bin\zip.dll
0x00007ffccb610000 - 0x00007ffccbcf5000 	C:\Windows\System32\SHELL32.dll
0x00007ffccc500000 - 0x00007ffccc5a9000 	C:\Windows\System32\shcore.dll
0x00007ffcc9ab0000 - 0x00007ffcca22f000 	C:\Windows\System32\windows.storage.dll
0x00007ffcc9630000 - 0x00007ffcc964f000 	C:\Windows\System32\profapi.dll
0x00007ffcc95c0000 - 0x00007ffcc960a000 	C:\Windows\System32\powrprof.dll
0x00007ffcc9590000 - 0x00007ffcc95a0000 	C:\Windows\System32\UMPDC.dll
0x00007ffccb1f0000 - 0x00007ffccb242000 	C:\Windows\System32\shlwapi.dll
0x00007ffcc95a0000 - 0x00007ffcc95b1000 	C:\Windows\System32\kernel.appcore.dll
0x00007ffcc9840000 - 0x00007ffcc9857000 	C:\Windows\System32\cryptsp.dll
0x00007ffcb9670000 - 0x00007ffcb968a000 	D:\learningMaterials\Future\my-deveco-studio\software\DevEco Studio\jbr\jre\bin\net.dll
0x00007ffcc8d90000 - 0x00007ffcc8df7000 	C:\Windows\system32\mswsock.dll
0x00007ffcb7ff0000 - 0x00007ffcb8002000 	D:\learningMaterials\Future\my-deveco-studio\software\DevEco Studio\jbr\jre\bin\nio.dll
0x00007ffcb6be0000 - 0x00007ffcb6c07000 	C:\Users\Administrator\.gradle\native\c976cfcca226fdd4bee4412e95191dd41148b7504f9625baeda1d523bc39a967\windows-amd64\native-platform.dll
0x00007ffcc5af0000 - 0x00007ffcc5afd000 	D:\learningMaterials\Future\my-deveco-studio\software\DevEco Studio\jbr\jre\bin\management.dll
0x00007ffcc8900000 - 0x00007ffcc8933000 	C:\Windows\system32\rsaenh.dll
0x00007ffcc9a80000 - 0x00007ffcc9aa6000 	C:\Windows\System32\bcrypt.dll
0x00007ffcc9480000 - 0x00007ffcc94a5000 	C:\Windows\SYSTEM32\USERENV.dll
0x00007ffcc8f60000 - 0x00007ffcc8f6c000 	C:\Windows\SYSTEM32\CRYPTBASE.dll
0x00007ffcc8aa0000 - 0x00007ffcc8ada000 	C:\Windows\SYSTEM32\IPHLPAPI.DLL
0x00007ffccb4e0000 - 0x00007ffccb4e8000 	C:\Windows\System32\NSI.dll
0x00007ffcbf770000 - 0x00007ffcbf786000 	C:\Windows\SYSTEM32\dhcpcsvc6.DLL
0x00007ffcbf750000 - 0x00007ffcbf76c000 	C:\Windows\SYSTEM32\dhcpcsvc.DLL
0x00007ffcc8ae0000 - 0x00007ffcc8baa000 	C:\Windows\SYSTEM32\DNSAPI.dll

VM Arguments:
jvm_args: -XX:MaxMetaspaceSize=256m -XX:+HeapDumpOnOutOfMemoryError -Xms256m -Xmx512m -Dfile.encoding=UTF-8 -Duser.country=CN -Duser.language=zh -Duser.variant 
java_command: org.gradle.launcher.daemon.bootstrap.GradleDaemon 6.3
java_class_path (initial): D:\learningMaterials\Future\my-deveco-studio\software\DevEco Studio\tools\gradle\lib\gradle-launcher-6.3.jar
Launcher Type: SUN_STANDARD

Environment Variables:
JAVA_HOME=D:\learningMaterials\JDK\jdkSoftware
CLASSPATH= .;D:\learningMaterials\JDK\jdkSoftware\lib\dt.jar;D:\learningMaterials\JDK\jdkSoftware\lib\tools.jar
PATH=D:\learningMaterials\Xftp\;C:\Program Files (x86)\Common Files\Oracle\Java\javapath;D:\learningMaterials\JDK\jdkSoftware\bin;C:\ProgramData\Oracle\Java\javapath;C:\Windows\system32;C:\Windows;C:\Windows\System32\Wbem;C:\Windows\System32\WindowsPowerShell\v1.0\;C:\Windows\System32\OpenSSH\;D:\learningMaterials\git\software\Git\cmd;D:\learningMaterials\Future\my-deveco-studio\node.js\;C:\Users\Administrator\AppData\Local\Microsoft\WindowsApps;;D:\learningMaterials\Future\my-deveco-studio\software\DevEco Studio\bin;;C:\Users\Administrator\AppData\Roaming\npm;D:\learningMaterials\Future\idea2020\software\IntelliJ IDEA 2020.1\bin;
USERNAME=Administrator
OS=Windows_NT
PROCESSOR_IDENTIFIER=Intel64 Family 6 Model 158 Stepping 10, GenuineIntel



---------------  S Y S T E M  ---------------

OS: Windows 10.0 , 64 bit Build 18362 (10.0.18362.329)

CPU:total 8 (initial active 8) (4 cores per cpu, 2 threads per core) family 6 model 158 stepping 10, cmov, cx8, fxsr, mmx, sse, sse2, sse3, ssse3, sse4.1, sse4.2, popcnt, avx, avx2, aes, clmul, erms, 3dnowpref, lzcnt, ht, tsc, tscinvbit, bmi1, bmi2, adx

Memory: 4k page, physical 16634436k(11401264k free), swap 30373996k(5124k free)

vm_info: OpenJDK 64-Bit Server VM (25.252-b2) for windows-amd64 JRE (1.8.0_252-release-1649-b2), built on Apr 30 2020 07:31:09 by "builduser" with MS VC++ 10.0 (VS2010)

time: Sat Mar 20 09:18:37 2021
timezone: 中国标准时间
elapsed time: 2 seconds (0d 0h 0m 2s)

