#
# There is insufficient memory for the Java Runtime Environment to continue.
# Native memory allocation (malloc) failed to allocate 1281856 bytes for Chunk::new
# Possible reasons:
#   The system is out of physical RAM or swap space
#   The process is running with CompressedOops enabled, and the Java Heap may be blocking the growth of the native heap
# Possible solutions:
#   Reduce memory load on the system
#   Increase physical memory or swap space
#   Check if swap backing store is full
#   Decrease Java heap size (-Xmx/-Xms)
#   Decrease number of Java threads
#   Decrease Java thread stack sizes (-Xss)
#   Set larger code cache with -XX:ReservedCodeCacheSize=
#   JVM is running with Unscaled Compressed Oops mode in which the Java heap is
#     placed in the first 4GB address space. The Java Heap base address is the
#     maximum limit for the native heap growth. Please use -XX:HeapBaseMinAddress
#     to set the Java Heap base and to place the Java Heap above 4GB virtual address.
# This output file may be truncated or incomplete.
#
#  Out of Memory Error (allocation.cpp:389), pid=14780, tid=0x0000000000004b2c
#
# JRE version: OpenJDK Runtime Environment (8.0_252-b02) (build 1.8.0_252-release-1649-b2)
# Java VM: OpenJDK 64-Bit Server VM (25.252-b2 mixed mode windows-amd64 compressed oops)
# Failed to write core dump. Minidumps are not enabled by default on client versions of Windows
#

---------------  T H R E A D  ---------------

Current thread (0x0000000016338000):  JavaThread "C2 CompilerThread1" daemon [_thread_in_native, id=19244, stack(0x0000000016c60000,0x0000000016d60000)]

Stack: [0x0000000016c60000,0x0000000016d60000]
[error occurred during error reporting (printing stack bounds), id 0xc0000005]

Native frames: (J=compiled Java code, j=interpreted, Vv=VM code, C=native code)


Current CompileTask:
C2:   4968 3066       4       groovy.lang.MetaClassImpl$1MOPIter::methodNameAction (325 bytes)


---------------  P R O C E S S  ---------------

Java Threads: ( => current thread )
  0x000000001e1b6800 JavaThread "Cache worker for Build Output Cleanup Cache (D:\learningMaterials\Future\my-deveco-studio\workspace\a_team_timestory\project\TimeStory\.gradle\buildOutputCleanup)" [_thread_blocked, id=18228, stack(0x0000000020de0000,0x0000000020ee0000)]
  0x000000001e1b7000 JavaThread "Build operations Thread 8" [_thread_blocked, id=6796, stack(0x0000000020ae0000,0x0000000020be0000)]
  0x000000001e1ad800 JavaThread "Build operations Thread 7" [_thread_blocked, id=7884, stack(0x00000000209e0000,0x0000000020ae0000)]
  0x000000001e1b4000 JavaThread "Build operations Thread 6" [_thread_blocked, id=11756, stack(0x00000000208e0000,0x00000000209e0000)]
  0x000000001e1b2000 JavaThread "Build operations Thread 5" [_thread_blocked, id=7872, stack(0x00000000207e0000,0x00000000208e0000)]
  0x000000001e1ac800 JavaThread "Build operations Thread 4" [_thread_blocked, id=8876, stack(0x00000000206e0000,0x00000000207e0000)]
  0x000000001e1af800 JavaThread "Build operations Thread 3" [_thread_blocked, id=17420, stack(0x00000000205e0000,0x00000000206e0000)]
  0x000000001e1b1000 JavaThread "Build operations Thread 2" [_thread_blocked, id=17244, stack(0x00000000204e0000,0x00000000205e0000)]
  0x000000001e1b3800 JavaThread "Build operations" [_thread_blocked, id=15256, stack(0x00000000203e0000,0x00000000204e0000)]
  0x0000000018fb0800 JavaThread "Cache worker for execution history cache (C:\Users\Administrator\.gradle\caches\6.3\executionHistory)" [_thread_blocked, id=3036, stack(0x000000001e710000,0x000000001e810000)]
  0x0000000018faf800 JavaThread "Cache worker for cache directory md-rule (C:\Users\Administrator\.gradle\caches\6.3\md-rule)" [_thread_blocked, id=17376, stack(0x000000001d2e0000,0x000000001d3e0000)]
  0x0000000018faf000 JavaThread "Cache worker for cache directory md-supplier (C:\Users\Administrator\.gradle\caches\6.3\md-supplier)" [_thread_blocked, id=1008, stack(0x000000001d1e0000,0x000000001d2e0000)]
  0x0000000018fb2800 JavaThread "Cache worker for file hash cache (D:\learningMaterials\Future\my-deveco-studio\workspace\a_team_timestory\project\TimeStory\.gradle\6.3\fileHashes)" [_thread_blocked, id=7480, stack(0x000000001e610000,0x000000001e710000)]
  0x0000000018fb3800 JavaThread "Cache worker for checksums cache (D:\learningMaterials\Future\my-deveco-studio\workspace\a_team_timestory\project\TimeStory\.gradle\checksums)" [_thread_blocked, id=9476, stack(0x000000001beb0000,0x000000001bfb0000)]
  0x0000000018fb2000 JavaThread "Cache worker for file hash cache (C:\Users\Administrator\.gradle\caches\6.3\fileHashes)" [_thread_blocked, id=1452, stack(0x000000001abe0000,0x000000001ace0000)]
  0x0000000018fb5000 JavaThread "File lock request listener" [_thread_in_native, id=8160, stack(0x000000001aae0000,0x000000001abe0000)]
  0x000000001909e000 JavaThread "Cache worker for journal cache (C:\Users\Administrator\.gradle\caches\journal-1)" [_thread_blocked, id=3308, stack(0x000000001a9e0000,0x000000001aae0000)]
  0x0000000018f94800 JavaThread "Thread-9" [_thread_blocked, id=6480, stack(0x000000001a6e0000,0x000000001a7e0000)]
  0x0000000018f92000 JavaThread "Stdin handler" [_thread_blocked, id=15512, stack(0x000000001a5e0000,0x000000001a6e0000)]
  0x0000000018f91800 JavaThread "Asynchronous log dispatcher for DefaultDaemonConnection: socket connection from /127.0.0.1:53265 to /127.0.0.1:53266" [_thread_blocked, id=3560, stack(0x000000001a4e0000,0x000000001a5e0000)]
  0x0000000018f99000 JavaThread "Daemon worker" [_thread_in_vm, id=6304, stack(0x000000001a3e0000,0x000000001a4e0000)]
  0x000000001909b800 JavaThread "Cancel handler" [_thread_blocked, id=10672, stack(0x000000001a2e0000,0x000000001a3e0000)]
  0x0000000018fca800 JavaThread "Handler for socket connection from /127.0.0.1:53265 to /127.0.0.1:53266" [_thread_in_native, id=16376, stack(0x0000000019fe0000,0x000000001a0e0000)]
  0x0000000018e23800 JavaThread "Daemon" [_thread_blocked, id=19176, stack(0x0000000019ee0000,0x0000000019fe0000)]
  0x0000000018fcb800 JavaThread "Daemon periodic checks" [_thread_blocked, id=7180, stack(0x0000000019de0000,0x0000000019ee0000)]
  0x0000000018edf800 JavaThread "Incoming local TCP Connector on port 53265" [_thread_in_native, id=7676, stack(0x0000000019c30000,0x0000000019d30000)]
  0x000000001902e800 JavaThread "Daemon health stats" [_thread_blocked, id=16788, stack(0x0000000018930000,0x0000000018a30000)]
  0x0000000016431800 JavaThread "Service Thread" daemon [_thread_blocked, id=13672, stack(0x0000000016f60000,0x0000000017060000)]
  0x0000000016397800 JavaThread "C1 CompilerThread3" daemon [_thread_blocked, id=15460, stack(0x0000000016e60000,0x0000000016f60000)]
  0x0000000016393800 JavaThread "C2 CompilerThread2" daemon [_thread_in_native, id=15064, stack(0x0000000016d60000,0x0000000016e60000)]
=>0x0000000016338000 JavaThread "C2 CompilerThread1" daemon [_thread_in_native, id=19244, stack(0x0000000016c60000,0x0000000016d60000)]
  0x0000000016336800 JavaThread "C2 CompilerThread0" daemon [_thread_in_native, id=6868, stack(0x0000000016b60000,0x0000000016c60000)]
  0x000000001638f800 JavaThread "Attach Listener" daemon [_thread_blocked, id=14640, stack(0x0000000016a60000,0x0000000016b60000)]
  0x000000001638e000 JavaThread "Signal Dispatcher" daemon [_thread_blocked, id=16544, stack(0x0000000016960000,0x0000000016a60000)]
  0x0000000002d78000 JavaThread "Finalizer" daemon [_thread_blocked, id=1912, stack(0x0000000016800000,0x0000000016900000)]
  0x0000000016320800 JavaThread "Reference Handler" daemon [_thread_blocked, id=7996, stack(0x0000000016700000,0x0000000016800000)]
  0x0000000002c7e000 JavaThread "main" [_thread_blocked, id=6884, stack(0x0000000002a80000,0x0000000002b80000)]

Other Threads:
  0x0000000014537800 VMThread [stack: 0x0000000016200000,0x0000000016300000] [id=9968]
  0x0000000016432000 WatcherThread [stack: 0x0000000017060000,0x0000000017160000] [id=12624]

VM state:not at safepoint (normal execution)

VM Mutex/Monitor currently owned by a thread: None

heap address: 0x00000000e0000000, size: 512 MB, Compressed Oops mode: 32-bit
Narrow klass base: 0x0000000000000000, Narrow klass shift: 3
Compressed class space size: 1073741824 Address: 0x0000000100000000

Heap:
 PSYoungGen      total 126464K, used 70909K [0x00000000f5580000, 0x0000000100000000, 0x0000000100000000)
  eden space 114176K, 62% used [0x00000000f5580000,0x00000000f9abf718,0x00000000fc500000)
  from space 12288K, 0% used [0x00000000fc500000,0x00000000fc500000,0x00000000fd100000)
  to   space 11776K, 0% used [0x00000000ff480000,0x00000000ff480000,0x0000000100000000)
 ParOldGen       total 175104K, used 15329K [0x00000000e0000000, 0x00000000eab00000, 0x00000000f5580000)
  object space 175104K, 8% used [0x00000000e0000000,0x00000000e0ef8750,0x00000000eab00000)
 Metaspace       used 37596K, capacity 39134K, committed 39464K, reserved 1085440K
  class space    used 5199K, capacity 5582K, committed 5680K, reserved 1048576K

Card table byte_map: [0x0000000012140000,0x0000000012250000] byte_map_base: 0x0000000011a40000

Marking Bits: (ParMarkBitMap*) 0x0000000075101020
 Begin Bits: [0x0000000012a50000, 0x0000000013250000)
 End Bits:   [0x0000000013250000, 0x0000000013a50000)

Polling page: 0x0000000000ac0000

CodeCache: size=245760Kb used=12412Kb max_used=12412Kb free=233347Kb
 bounds [0x0000000002d80000, 0x00000000039b0000, 0x0000000011d80000]
 total_blobs=4014 nmethods=3309 adapters=617
 compilation: enabled

Compilation events (10 events):
Event: 4.948 Thread 0x0000000016397800 3364       3       java.nio.DirectByteBuffer::ix (10 bytes)
Event: 4.948 Thread 0x0000000016397800 nmethod 3364 0x000000000398ab10 code [0x000000000398ac60, 0x000000000398adb0]
Event: 4.948 Thread 0x0000000016397800 3360       3       sun.reflect.ClassFileAssembler::emitInt (46 bytes)
Event: 4.948 Thread 0x0000000016397800 nmethod 3360 0x000000000398d510 code [0x000000000398d6e0, 0x000000000398dc18]
Event: 4.948 Thread 0x0000000016397800 3365       1       org.gradle.internal.Cast::uncheckedCast (2 bytes)
Event: 4.948 Thread 0x0000000016397800 nmethod 3365 0x000000000398a850 code [0x000000000398a9a0, 0x000000000398aa90]
Event: 4.948 Thread 0x0000000016397800 3366       3       org.gradle.internal.Cast::uncheckedNonnullCast (2 bytes)
Event: 4.949 Thread 0x0000000016397800 nmethod 3366 0x000000000398a550 code [0x000000000398a6a0, 0x000000000398a7d0]
Event: 4.949 Thread 0x0000000016393800 nmethod 3351 0x000000000399a590 code [0x000000000399a700, 0x000000000399ab28]
Event: 4.949 Thread 0x0000000016393800 3358       4       org.gradle.internal.reflect.MethodSet::add (50 bytes)

GC Heap History (10 events):
Event: 3.098 GC heap before
{Heap before GC invocations=5 (full 1):
 PSYoungGen      total 76288K, used 7381K [0x00000000f5580000, 0x00000000fea80000, 0x0000000100000000)
  eden space 65536K, 0% used [0x00000000f5580000,0x00000000f5580000,0x00000000f9580000)
  from space 10752K, 68% used [0x00000000fa000000,0x00000000fa735440,0x00000000faa80000)
  to   space 10752K, 0% used [0x00000000f9580000,0x00000000f9580000,0x00000000fa000000)
 ParOldGen       total 175104K, used 1304K [0x00000000e0000000, 0x00000000eab00000, 0x00000000f5580000)
  object space 175104K, 0% used [0x00000000e0000000,0x00000000e0146238,0x00000000eab00000)
 Metaspace       used 20565K, capacity 21206K, committed 21296K, reserved 1067008K
  class space    used 2879K, capacity 3085K, committed 3120K, reserved 1048576K
Event: 3.128 GC heap after
Heap after GC invocations=5 (full 1):
 PSYoungGen      total 76288K, used 0K [0x00000000f5580000, 0x00000000fea80000, 0x0000000100000000)
  eden space 65536K, 0% used [0x00000000f5580000,0x00000000f5580000,0x00000000f9580000)
  from space 10752K, 0% used [0x00000000fa000000,0x00000000fa000000,0x00000000faa80000)
  to   space 10752K, 0% used [0x00000000f9580000,0x00000000f9580000,0x00000000fa000000)
 ParOldGen       total 175104K, used 7198K [0x00000000e0000000, 0x00000000eab00000, 0x00000000f5580000)
  object space 175104K, 4% used [0x00000000e0000000,0x00000000e0707b10,0x00000000eab00000)
 Metaspace       used 20565K, capacity 21206K, committed 21296K, reserved 1067008K
  class space    used 2879K, capacity 3085K, committed 3120K, reserved 1048576K
}
Event: 3.694 GC heap before
{Heap before GC invocations=6 (full 1):
 PSYoungGen      total 76288K, used 65536K [0x00000000f5580000, 0x00000000fea80000, 0x0000000100000000)
  eden space 65536K, 100% used [0x00000000f5580000,0x00000000f9580000,0x00000000f9580000)
  from space 10752K, 0% used [0x00000000fa000000,0x00000000fa000000,0x00000000faa80000)
  to   space 10752K, 0% used [0x00000000f9580000,0x00000000f9580000,0x00000000fa000000)
 ParOldGen       total 175104K, used 7198K [0x00000000e0000000, 0x00000000eab00000, 0x00000000f5580000)
  object space 175104K, 4% used [0x00000000e0000000,0x00000000e0707b10,0x00000000eab00000)
 Metaspace       used 28887K, capacity 29618K, committed 29744K, reserved 1075200K
  class space    used 3888K, capacity 4098K, committed 4144K, reserved 1048576K
Event: 3.700 GC heap after
Heap after GC invocations=6 (full 1):
 PSYoungGen      total 76288K, used 8310K [0x00000000f5580000, 0x00000000fe080000, 0x0000000100000000)
  eden space 65536K, 0% used [0x00000000f5580000,0x00000000f5580000,0x00000000f9580000)
  from space 10752K, 77% used [0x00000000f9580000,0x00000000f9d9d9f8,0x00000000fa000000)
  to   space 12800K, 0% used [0x00000000fd400000,0x00000000fd400000,0x00000000fe080000)
 ParOldGen       total 175104K, used 7206K [0x00000000e0000000, 0x00000000eab00000, 0x00000000f5580000)
  object space 175104K, 4% used [0x00000000e0000000,0x00000000e0709b10,0x00000000eab00000)
 Metaspace       used 28887K, capacity 29618K, committed 29744K, reserved 1075200K
  class space    used 3888K, capacity 4098K, committed 4144K, reserved 1048576K
}
Event: 4.185 GC heap before
{Heap before GC invocations=7 (full 1):
 PSYoungGen      total 76288K, used 73846K [0x00000000f5580000, 0x00000000fe080000, 0x0000000100000000)
  eden space 65536K, 100% used [0x00000000f5580000,0x00000000f9580000,0x00000000f9580000)
  from space 10752K, 77% used [0x00000000f9580000,0x00000000f9d9d9f8,0x00000000fa000000)
  to   space 12800K, 0% used [0x00000000fd400000,0x00000000fd400000,0x00000000fe080000)
 ParOldGen       total 175104K, used 7206K [0x00000000e0000000, 0x00000000eab00000, 0x00000000f5580000)
  object space 175104K, 4% used [0x00000000e0000000,0x00000000e0709b10,0x00000000eab00000)
 Metaspace       used 32331K, capacity 33356K, committed 33712K, reserved 1079296K
  class space    used 4405K, capacity 4681K, committed 4784K, reserved 1048576K
Event: 4.191 GC heap after
Heap after GC invocations=7 (full 1):
 PSYoungGen      total 123392K, used 9023K [0x00000000f5580000, 0x00000000fdd00000, 0x0000000100000000)
  eden space 114176K, 0% used [0x00000000f5580000,0x00000000f5580000,0x00000000fc500000)
  from space 9216K, 97% used [0x00000000fd400000,0x00000000fdccfd28,0x00000000fdd00000)
  to   space 12288K, 0% used [0x00000000fc500000,0x00000000fc500000,0x00000000fd100000)
 ParOldGen       total 175104K, used 7214K [0x00000000e0000000, 0x00000000eab00000, 0x00000000f5580000)
  object space 175104K, 4% used [0x00000000e0000000,0x00000000e070bb10,0x00000000eab00000)
 Metaspace       used 32331K, capacity 33356K, committed 33712K, reserved 1079296K
  class space    used 4405K, capacity 4681K, committed 4784K, reserved 1048576K
}
Event: 4.413 GC heap before
{Heap before GC invocations=8 (full 1):
 PSYoungGen      total 123392K, used 47642K [0x00000000f5580000, 0x00000000fdd00000, 0x0000000100000000)
  eden space 114176K, 33% used [0x00000000f5580000,0x00000000f7b36ca0,0x00000000fc500000)
  from space 9216K, 97% used [0x00000000fd400000,0x00000000fdccfd28,0x00000000fdd00000)
  to   space 12288K, 0% used [0x00000000fc500000,0x00000000fc500000,0x00000000fd100000)
 ParOldGen       total 175104K, used 7214K [0x00000000e0000000, 0x00000000eab00000, 0x00000000f5580000)
  object space 175104K, 4% used [0x00000000e0000000,0x00000000e070bb10,0x00000000eab00000)
 Metaspace       used 34373K, capacity 35428K, committed 35496K, reserved 1079296K
  class space    used 4705K, capacity 4993K, committed 5040K, reserved 1048576K
Event: 4.418 GC heap after
Heap after GC invocations=8 (full 1):
 PSYoungGen      total 126464K, used 8730K [0x00000000f5580000, 0x0000000100000000, 0x0000000100000000)
  eden space 114176K, 0% used [0x00000000f5580000,0x00000000f5580000,0x00000000fc500000)
  from space 12288K, 71% used [0x00000000fc500000,0x00000000fcd86bf0,0x00000000fd100000)
  to   space 11776K, 0% used [0x00000000ff480000,0x00000000ff480000,0x0000000100000000)
 ParOldGen       total 175104K, used 7222K [0x00000000e0000000, 0x00000000eab00000, 0x00000000f5580000)
  object space 175104K, 4% used [0x00000000e0000000,0x00000000e070db10,0x00000000eab00000)
 Metaspace       used 34373K, capacity 35428K, committed 35496K, reserved 1079296K
  class space    used 4705K, capacity 4993K, committed 5040K, reserved 1048576K
}
Event: 4.418 GC heap before
{Heap before GC invocations=9 (full 2):
 PSYoungGen      total 126464K, used 8730K [0x00000000f5580000, 0x0000000100000000, 0x0000000100000000)
  eden space 114176K, 0% used [0x00000000f5580000,0x00000000f5580000,0x00000000fc500000)
  from space 12288K, 71% used [0x00000000fc500000,0x00000000fcd86bf0,0x00000000fd100000)
  to   space 11776K, 0% used [0x00000000ff480000,0x00000000ff480000,0x0000000100000000)
 ParOldGen       total 175104K, used 7222K [0x00000000e0000000, 0x00000000eab00000, 0x00000000f5580000)
  object space 175104K, 4% used [0x00000000e0000000,0x00000000e070db10,0x00000000eab00000)
 Metaspace       used 34373K, capacity 35428K, committed 35496K, reserved 1079296K
  class space    used 4705K, capacity 4993K, committed 5040K, reserved 1048576K
Event: 4.456 GC heap after
Heap after GC invocations=9 (full 2):
 PSYoungGen      total 126464K, used 0K [0x00000000f5580000, 0x0000000100000000, 0x0000000100000000)
  eden space 114176K, 0% used [0x00000000f5580000,0x00000000f5580000,0x00000000fc500000)
  from space 12288K, 0% used [0x00000000fc500000,0x00000000fc500000,0x00000000fd100000)
  to   space 11776K, 0% used [0x00000000ff480000,0x00000000ff480000,0x0000000100000000)
 ParOldGen       total 175104K, used 15329K [0x00000000e0000000, 0x00000000eab00000, 0x00000000f5580000)
  object space 175104K, 8% used [0x00000000e0000000,0x00000000e0ef8750,0x00000000eab00000)
 Metaspace       used 34373K, capacity 35428K, committed 35496K, reserved 1079296K
  class space    used 4705K, capacity 4993K, committed 5040K, reserved 1048576K
}

Deoptimization events (10 events):
Event: 4.590 Thread 0x000000001e1af800 Uncommon trap: reason=unstable_if action=reinterpret pc=0x000000000330d310 method=java.util.concurrent.ConcurrentHashMap.addCount(JI)V @ 34
Event: 4.590 Thread 0x000000001e1b2000 Uncommon trap: reason=unstable_if action=reinterpret pc=0x0000000003262edc method=java.util.concurrent.ConcurrentHashMap.addCount(JI)V @ 34
Event: 4.590 Thread 0x000000001e1b3800 Uncommon trap: reason=unstable_if action=reinterpret pc=0x000000000330d310 method=java.util.concurrent.ConcurrentHashMap.addCount(JI)V @ 34
Event: 4.699 Thread 0x0000000018f99000 Uncommon trap: reason=bimorphic action=maybe_recompile pc=0x0000000003392fec method=java.lang.ClassLoader.getPackage(Ljava/lang/String;)Ljava/lang/Package; @ 47
Event: 4.699 Thread 0x0000000018f99000 Uncommon trap: reason=bimorphic action=maybe_recompile pc=0x0000000003392fec method=java.lang.ClassLoader.getPackage(Ljava/lang/String;)Ljava/lang/Package; @ 47
Event: 4.699 Thread 0x0000000018f99000 Uncommon trap: reason=bimorphic action=maybe_recompile pc=0x0000000003392fec method=java.lang.ClassLoader.getPackage(Ljava/lang/String;)Ljava/lang/Package; @ 47
Event: 4.699 Thread 0x0000000018f99000 Uncommon trap: reason=bimorphic action=maybe_recompile pc=0x0000000003392fec method=java.lang.ClassLoader.getPackage(Ljava/lang/String;)Ljava/lang/Package; @ 47
Event: 4.720 Thread 0x0000000018f99000 Uncommon trap: reason=predicate action=maybe_recompile pc=0x00000000038e8248 method=java.util.Arrays.binarySearch0([Ljava/lang/Object;IILjava/lang/Object;Ljava/util/Comparator;)I @ 28
Event: 4.733 Thread 0x0000000018f99000 Uncommon trap: reason=unstable_if action=reinterpret pc=0x00000000038427c8 method=java.lang.ClassLoader.checkCerts(Ljava/lang/String;Ljava/security/CodeSource;)V @ 29
Event: 4.906 Thread 0x0000000018f99000 Uncommon trap: reason=range_check action=make_not_entrant pc=0x000000000380c4d0 method=java.lang.String.charAt(I)C @ 27

Classes redefined (0 events):
No events

Internal exceptions (10 events):
Event: 4.820 Thread 0x0000000018f99000 Exception <a 'java/lang/ClassNotFoundException': com/huawei/ohos/build/data/PathInfoBeanInfo> (0x00000000f8452168) thrown at [C:\BuildAgent\work\75d02d3d85d636f1\hotspot\src\share\vm\classfile\systemDictionary.cpp, line 210]
Event: 4.820 Thread 0x0000000018f99000 Exception <a 'java/lang/ClassNotFoundException': com/huawei/ohos/build/data/PathInfoCustomizer> (0x00000000f845e4a8) thrown at [C:\BuildAgent\work\75d02d3d85d636f1\hotspot\src\share\vm\classfile\systemDictionary.cpp, line 210]
Event: 4.828 Thread 0x0000000018f99000 Exception <a 'java/lang/ClassNotFoundException': java/io/FileBeanInfo> (0x00000000f8556fc8) thrown at [C:\BuildAgent\work\75d02d3d85d636f1\hotspot\src\share\vm\classfile\systemDictionary.cpp, line 210]
Event: 4.828 Thread 0x0000000018f99000 Exception <a 'java/lang/ClassNotFoundException': java/io/FileCustomizer> (0x00000000f855d628) thrown at [C:\BuildAgent\work\75d02d3d85d636f1\hotspot\src\share\vm\classfile\systemDictionary.cpp, line 210]
Event: 4.837 Thread 0x0000000018f99000 Exception <a 'java/lang/ClassNotFoundException': org/gradle/api/internal/plugins/DefaultPluginContainerBeanInfo> (0x00000000f8731358) thrown at [C:\BuildAgent\work\75d02d3d85d636f1\hotspot\src\share\vm\classfile\systemDictionary.cpp, line 210]
Event: 4.837 Thread 0x0000000018f99000 Exception <a 'java/lang/ClassNotFoundException': org/gradle/api/internal/plugins/DefaultPluginCollectionBeanInfo> (0x00000000f8769a38) thrown at [C:\BuildAgent\work\75d02d3d85d636f1\hotspot\src\share\vm\classfile\systemDictionary.cpp, line 210]
Event: 4.838 Thread 0x0000000018f99000 Exception <a 'java/lang/ClassNotFoundException': org/gradle/api/internal/DefaultDomainObjectSetBeanInfo> (0x00000000f879c9a8) thrown at [C:\BuildAgent\work\75d02d3d85d636f1\hotspot\src\share\vm\classfile\systemDictionary.cpp, line 210]
Event: 4.838 Thread 0x0000000018f99000 Exception <a 'java/lang/ClassNotFoundException': org/gradle/api/internal/DefaultDomainObjectSetCustomizer> (0x00000000f87d10f0) thrown at [C:\BuildAgent\work\75d02d3d85d636f1\hotspot\src\share\vm\classfile\systemDictionary.cpp, line 210]
Event: 4.839 Thread 0x0000000018f99000 Exception <a 'java/lang/ClassNotFoundException': org/gradle/api/internal/plugins/DefaultPluginCollectionCustomizer> (0x00000000f881b8d0) thrown at [C:\BuildAgent\work\75d02d3d85d636f1\hotspot\src\share\vm\classfile\systemDictionary.cpp, line 210]
Event: 4.840 Thread 0x0000000018f99000 Exception <a 'java/lang/ClassNotFoundException': org/gradle/api/internal/plugins/DefaultPluginContainerCustomizer> (0x00000000f8888108) thrown at [C:\BuildAgent\work\75d02d3d85d636f1\hotspot\src\share\vm\classfile\systemDictionary.cpp, line 210]

Events (10 events):
Event: 4.945 loading class org/gradle/internal/extensibility/ConventionAwareHelper$MappedPropertyImpl
Event: 4.945 loading class org/gradle/internal/extensibility/ConventionAwareHelper$MappedPropertyImpl done
Event: 4.945 loading class org/gradle/api/internal/ConventionMapping$MappedProperty
Event: 4.945 loading class org/gradle/api/internal/ConventionMapping$MappedProperty done
Event: 4.945 loading class org/gradle/internal/extensibility/ConventionAwareHelper$1
Event: 4.945 loading class org/gradle/internal/extensibility/ConventionAwareHelper$1 done
Event: 4.945 loading class org/gradle/internal/extensibility/ConventionAwareHelper$2
Event: 4.945 loading class org/gradle/internal/extensibility/ConventionAwareHelper$2 done
Event: 4.946 loading class org/gradle/api/plugins/JavaBasePlugin$7
Event: 4.946 loading class org/gradle/api/plugins/JavaBasePlugin$7 done


Dynamic libraries:
0x00007ff7559a0000 - 0x00007ff7559d1000 	D:\learningMaterials\Future\my-deveco-studio\software\DevEco Studio\jbr\bin\java.exe
0x00007ffccc6c0000 - 0x00007ffccc8b0000 	C:\Windows\SYSTEM32\ntdll.dll
0x00007ffccaad0000 - 0x00007ffccab82000 	C:\Windows\System32\KERNEL32.DLL
0x00007ffcca390000 - 0x00007ffcca633000 	C:\Windows\System32\KERNELBASE.dll
0x00007ffccb400000 - 0x00007ffccb4a3000 	C:\Windows\System32\ADVAPI32.dll
0x00007ffcca770000 - 0x00007ffcca80e000 	C:\Windows\System32\msvcrt.dll
0x00007ffccb360000 - 0x00007ffccb3f7000 	C:\Windows\System32\sechost.dll
0x00007ffccb4f0000 - 0x00007ffccb610000 	C:\Windows\System32\RPCRT4.dll
0x00007ffccc360000 - 0x00007ffccc4f4000 	C:\Windows\System32\USER32.dll
0x00007ffcc9860000 - 0x00007ffcc9881000 	C:\Windows\System32\win32u.dll
0x00007ffcca950000 - 0x00007ffcca976000 	C:\Windows\System32\GDI32.dll
0x00007ffcc9890000 - 0x00007ffcc9a24000 	C:\Windows\System32\gdi32full.dll
0x00007ffcc97a0000 - 0x00007ffcc983e000 	C:\Windows\System32\msvcp_win.dll
0x00007ffcca290000 - 0x00007ffcca38a000 	C:\Windows\System32\ucrtbase.dll
0x00007ffcb5970000 - 0x00007ffcb5bf5000 	C:\Windows\WinSxS\amd64_microsoft.windows.common-controls_6595b64144ccf1df_6.0.18362.592_none_e6c0b1911312be02\COMCTL32.dll
0x00007ffccab90000 - 0x00007ffccaec6000 	C:\Windows\System32\combase.dll
0x00007ffcca640000 - 0x00007ffcca6c0000 	C:\Windows\System32\bcryptPrimitives.dll
0x00007ffccb4b0000 - 0x00007ffccb4de000 	C:\Windows\System32\IMM32.DLL
0x0000000074770000 - 0x0000000074842000 	D:\learningMaterials\Future\my-deveco-studio\software\DevEco Studio\jbr\jre\bin\msvcr100.dll
0x0000000074930000 - 0x000000007517d000 	D:\learningMaterials\Future\my-deveco-studio\software\DevEco Studio\jbr\jre\bin\server\jvm.dll
0x00007ffccb1e0000 - 0x00007ffccb1e8000 	C:\Windows\System32\PSAPI.DLL
0x00007ffcc71d0000 - 0x00007ffcc71f4000 	C:\Windows\SYSTEM32\WINMM.dll
0x00007ffcc9190000 - 0x00007ffcc919a000 	C:\Windows\SYSTEM32\VERSION.dll
0x00007ffcc2730000 - 0x00007ffcc2739000 	C:\Windows\SYSTEM32\WSOCK32.dll
0x00007ffccbd80000 - 0x00007ffccbdef000 	C:\Windows\System32\WS2_32.dll
0x00007ffcc6e30000 - 0x00007ffcc6e5d000 	C:\Windows\SYSTEM32\winmmbase.dll
0x00007ffcc9a30000 - 0x00007ffcc9a7a000 	C:\Windows\System32\cfgmgr32.dll
0x00007ffcbbc30000 - 0x00007ffcbbc3f000 	D:\learningMaterials\Future\my-deveco-studio\software\DevEco Studio\jbr\jre\bin\verify.dll
0x00007ffcba0d0000 - 0x00007ffcba0f9000 	D:\learningMaterials\Future\my-deveco-studio\software\DevEco Studio\jbr\jre\bin\java.dll
0x00007ffcba560000 - 0x00007ffcba576000 	D:\learningMaterials\Future\my-deveco-studio\software\DevEco Studio\jbr\jre\bin\zip.dll
0x00007ffccb610000 - 0x00007ffccbcf5000 	C:\Windows\System32\SHELL32.dll
0x00007ffccc500000 - 0x00007ffccc5a9000 	C:\Windows\System32\shcore.dll
0x00007ffcc9ab0000 - 0x00007ffcca22f000 	C:\Windows\System32\windows.storage.dll
0x00007ffcc9630000 - 0x00007ffcc964f000 	C:\Windows\System32\profapi.dll
0x00007ffcc95c0000 - 0x00007ffcc960a000 	C:\Windows\System32\powrprof.dll
0x00007ffcc9590000 - 0x00007ffcc95a0000 	C:\Windows\System32\UMPDC.dll
0x00007ffccb1f0000 - 0x00007ffccb242000 	C:\Windows\System32\shlwapi.dll
0x00007ffcc95a0000 - 0x00007ffcc95b1000 	C:\Windows\System32\kernel.appcore.dll
0x00007ffcc9840000 - 0x00007ffcc9857000 	C:\Windows\System32\cryptsp.dll
0x00007ffcb9670000 - 0x00007ffcb968a000 	D:\learningMaterials\Future\my-deveco-studio\software\DevEco Studio\jbr\jre\bin\net.dll
0x00007ffcc8d90000 - 0x00007ffcc8df7000 	C:\Windows\system32\mswsock.dll
0x00007ffcb7ff0000 - 0x00007ffcb8002000 	D:\learningMaterials\Future\my-deveco-studio\software\DevEco Studio\jbr\jre\bin\nio.dll
0x00007ffcb6be0000 - 0x00007ffcb6c07000 	C:\Users\Administrator\.gradle\native\c976cfcca226fdd4bee4412e95191dd41148b7504f9625baeda1d523bc39a967\windows-amd64\native-platform.dll
0x00007ffcc5af0000 - 0x00007ffcc5afd000 	D:\learningMaterials\Future\my-deveco-studio\software\DevEco Studio\jbr\jre\bin\management.dll
0x00007ffcc8900000 - 0x00007ffcc8933000 	C:\Windows\system32\rsaenh.dll
0x00007ffcc9a80000 - 0x00007ffcc9aa6000 	C:\Windows\System32\bcrypt.dll
0x00007ffcc9480000 - 0x00007ffcc94a5000 	C:\Windows\SYSTEM32\USERENV.dll
0x00007ffcc8f60000 - 0x00007ffcc8f6c000 	C:\Windows\SYSTEM32\CRYPTBASE.dll
0x00007ffcc8aa0000 - 0x00007ffcc8ada000 	C:\Windows\SYSTEM32\IPHLPAPI.DLL
0x00007ffccb4e0000 - 0x00007ffccb4e8000 	C:\Windows\System32\NSI.dll
0x00007ffcbf770000 - 0x00007ffcbf786000 	C:\Windows\SYSTEM32\dhcpcsvc6.DLL
0x00007ffcbf750000 - 0x00007ffcbf76c000 	C:\Windows\SYSTEM32\dhcpcsvc.DLL
0x00007ffcc8ae0000 - 0x00007ffcc8baa000 	C:\Windows\SYSTEM32\DNSAPI.dll

VM Arguments:
jvm_args: -XX:MaxMetaspaceSize=256m -XX:+HeapDumpOnOutOfMemoryError -Xms256m -Xmx512m -Dfile.encoding=UTF-8 -Duser.country=CN -Duser.language=zh -Duser.variant 
java_command: org.gradle.launcher.daemon.bootstrap.GradleDaemon 6.3
java_class_path (initial): D:\learningMaterials\Future\my-deveco-studio\software\DevEco Studio\tools\gradle\lib\gradle-launcher-6.3.jar
Launcher Type: SUN_STANDARD

Environment Variables:
JAVA_HOME=D:\learningMaterials\JDK\jdkSoftware
CLASSPATH= .;D:\learningMaterials\JDK\jdkSoftware\lib\dt.jar;D:\learningMaterials\JDK\jdkSoftware\lib\tools.jar
PATH=D:\learningMaterials\Xftp\;C:\Program Files (x86)\Common Files\Oracle\Java\javapath;D:\learningMaterials\JDK\jdkSoftware\bin;C:\ProgramData\Oracle\Java\javapath;C:\Windows\system32;C:\Windows;C:\Windows\System32\Wbem;C:\Windows\System32\WindowsPowerShell\v1.0\;C:\Windows\System32\OpenSSH\;D:\learningMaterials\git\software\Git\cmd;D:\learningMaterials\Future\my-deveco-studio\node.js\;C:\Users\Administrator\AppData\Local\Microsoft\WindowsApps;;D:\learningMaterials\Future\my-deveco-studio\software\DevEco Studio\bin;;C:\Users\Administrator\AppData\Roaming\npm;D:\learningMaterials\Future\idea2020\software\IntelliJ IDEA 2020.1\bin;
USERNAME=Administrator
OS=Windows_NT
PROCESSOR_IDENTIFIER=Intel64 Family 6 Model 158 Stepping 10, GenuineIntel



---------------  S Y S T E M  ---------------

OS: Windows 10.0 , 64 bit Build 18362 (10.0.18362.329)

CPU:total 8 (initial active 8) (4 cores per cpu, 2 threads per core) family 6 model 158 stepping 10, cmov, cx8, fxsr, mmx, sse, sse2, sse3, ssse3, sse4.1, sse4.2, popcnt, avx, avx2, aes, clmul, erms, 3dnowpref, lzcnt, ht, tsc, tscinvbit, bmi1, bmi2, adx

Memory: 4k page, physical 16634436k(11371020k free), swap 30373996k(5212k free)

vm_info: OpenJDK 64-Bit Server VM (25.252-b2) for windows-amd64 JRE (1.8.0_252-release-1649-b2), built on Apr 30 2020 07:31:09 by "builduser" with MS VC++ 10.0 (VS2010)

time: Sat Mar 20 09:19:14 2021
timezone: 中国标准时间
elapsed time: 4 seconds (0d 0h 0m 4s)

