#
# There is insufficient memory for the Java Runtime Environment to continue.
# Native memory allocation (malloc) failed to allocate 788016 bytes for Chunk::new
# Possible reasons:
#   The system is out of physical RAM or swap space
#   The process is running with CompressedOops enabled, and the Java Heap may be blocking the growth of the native heap
# Possible solutions:
#   Reduce memory load on the system
#   Increase physical memory or swap space
#   Check if swap backing store is full
#   Decrease Java heap size (-Xmx/-Xms)
#   Decrease number of Java threads
#   Decrease Java thread stack sizes (-Xss)
#   Set larger code cache with -XX:ReservedCodeCacheSize=
#   JVM is running with Unscaled Compressed Oops mode in which the Java heap is
#     placed in the first 4GB address space. The Java Heap base address is the
#     maximum limit for the native heap growth. Please use -XX:HeapBaseMinAddress
#     to set the Java Heap base and to place the Java Heap above 4GB virtual address.
# This output file may be truncated or incomplete.
#
#  Out of Memory Error (allocation.cpp:389), pid=15508, tid=0x0000000000003ca4
#
# JRE version: OpenJDK Runtime Environment (8.0_252-b02) (build 1.8.0_252-release-1649-b2)
# Java VM: OpenJDK 64-Bit Server VM (25.252-b2 mixed mode windows-amd64 compressed oops)
# Failed to write core dump. Minidumps are not enabled by default on client versions of Windows
#

---------------  T H R E A D  ---------------

Current thread (0x00000000163d8000):  JavaThread "C2 CompilerThread1" daemon [_thread_in_native, id=15524, stack(0x0000000016d00000,0x0000000016e00000)]

Stack: [0x0000000016d00000,0x0000000016e00000]
[error occurred during error reporting (printing stack bounds), id 0xc0000005]

Native frames: (J=compiled Java code, j=interpreted, Vv=VM code, C=native code)


Current CompileTask:
C2:   3876 2391       4       org.objectweb.asm.Frame::execute (2318 bytes)


---------------  P R O C E S S  ---------------

Java Threads: ( => current thread )
  0x0000000019004000 JavaThread "Cache worker for execution history cache (C:\Users\Administrator\.gradle\caches\6.3\executionHistory)" [_thread_blocked, id=12392, stack(0x000000001e450000,0x000000001e550000)]
  0x0000000019003800 JavaThread "Cache worker for cache directory md-rule (C:\Users\Administrator\.gradle\caches\6.3\md-rule)" [_thread_blocked, id=8824, stack(0x000000001e350000,0x000000001e450000)]
  0x0000000019000800 JavaThread "Cache worker for cache directory md-supplier (C:\Users\Administrator\.gradle\caches\6.3\md-supplier)" [_thread_blocked, id=15208, stack(0x000000001e250000,0x000000001e350000)]
  0x0000000019007000 JavaThread "Cache worker for file hash cache (D:\learningMaterials\Future\my-deveco-studio\workspace\a_team_timestory\project\TimeStory\.gradle\6.3\fileHashes)" [_thread_blocked, id=824, stack(0x000000001e150000,0x000000001e250000)]
  0x0000000019005800 JavaThread "Cache worker for checksums cache (D:\learningMaterials\Future\my-deveco-studio\workspace\a_team_timestory\project\TimeStory\.gradle\checksums)" [_thread_blocked, id=11560, stack(0x000000001e610000,0x000000001e710000)]
  0x0000000019002000 JavaThread "Cache worker for file hash cache (C:\Users\Administrator\.gradle\caches\6.3\fileHashes)" [_thread_blocked, id=6276, stack(0x000000001ac50000,0x000000001ad50000)]
  0x0000000019002800 JavaThread "File lock request listener" [_thread_in_native, id=9036, stack(0x000000001ab50000,0x000000001ac50000)]
  0x0000000019062800 JavaThread "Cache worker for journal cache (C:\Users\Administrator\.gradle\caches\journal-1)" [_thread_blocked, id=7064, stack(0x000000001aa50000,0x000000001ab50000)]
  0x0000000018f2c000 JavaThread "Thread-9" [_thread_blocked, id=9424, stack(0x000000001a750000,0x000000001a850000)]
  0x0000000018f0f800 JavaThread "Stdin handler" [_thread_blocked, id=2824, stack(0x000000001a650000,0x000000001a750000)]
  0x0000000018f0a000 JavaThread "Asynchronous log dispatcher for DefaultDaemonConnection: socket connection from /127.0.0.1:53218 to /127.0.0.1:53219" [_thread_blocked, id=11036, stack(0x000000001a550000,0x000000001a650000)]
  0x0000000018f3b000 JavaThread "Daemon worker" [_thread_in_native, id=15144, stack(0x000000001a450000,0x000000001a550000)]
  0x0000000018f39800 JavaThread "Cancel handler" [_thread_blocked, id=7664, stack(0x000000001a350000,0x000000001a450000)]
  0x0000000018f42800 JavaThread "Handler for socket connection from /127.0.0.1:53218 to /127.0.0.1:53219" [_thread_in_native, id=18352, stack(0x000000001a050000,0x000000001a150000)]
  0x0000000018f41800 JavaThread "Daemon" [_thread_blocked, id=14908, stack(0x0000000019f50000,0x000000001a050000)]
  0x0000000018e1e000 JavaThread "Daemon periodic checks" [_thread_blocked, id=19056, stack(0x0000000019e50000,0x0000000019f50000)]
  0x0000000018afe800 JavaThread "Incoming local TCP Connector on port 53218" [_thread_in_native, id=6840, stack(0x0000000019ca0000,0x0000000019da0000)]
  0x0000000018d2e800 JavaThread "Daemon health stats" [_thread_blocked, id=17908, stack(0x0000000019ba0000,0x0000000019ca0000)]
  0x00000000164cb000 JavaThread "Service Thread" daemon [_thread_blocked, id=6592, stack(0x0000000017000000,0x0000000017100000)]
  0x0000000016437800 JavaThread "C1 CompilerThread3" daemon [_thread_blocked, id=15380, stack(0x0000000016f00000,0x0000000017000000)]
  0x0000000016431800 JavaThread "C2 CompilerThread2" daemon [_thread_in_native, id=9344, stack(0x0000000016e00000,0x0000000016f00000)]
=>0x00000000163d8000 JavaThread "C2 CompilerThread1" daemon [_thread_in_native, id=15524, stack(0x0000000016d00000,0x0000000016e00000)]
  0x00000000163d6800 JavaThread "C2 CompilerThread0" daemon [_thread_in_native, id=6820, stack(0x0000000016c00000,0x0000000016d00000)]
  0x000000001642f800 JavaThread "Attach Listener" daemon [_thread_blocked, id=16612, stack(0x0000000016b00000,0x0000000016c00000)]
  0x000000001642e000 JavaThread "Signal Dispatcher" daemon [_thread_blocked, id=17772, stack(0x0000000016a00000,0x0000000016b00000)]
  0x0000000002d28000 JavaThread "Finalizer" daemon [_thread_blocked, id=13168, stack(0x00000000168a0000,0x00000000169a0000)]
  0x00000000163c0800 JavaThread "Reference Handler" daemon [_thread_blocked, id=3192, stack(0x00000000167a0000,0x00000000168a0000)]
  0x0000000002d5e000 JavaThread "main" [_thread_blocked, id=18080, stack(0x00000000027e0000,0x00000000028e0000)]

Other Threads:
  0x00000000145c7800 VMThread [stack: 0x00000000162a0000,0x00000000163a0000] [id=13416]
  0x00000000164db800 WatcherThread [stack: 0x0000000017100000,0x0000000017200000] [id=12760]

VM state:not at safepoint (normal execution)

VM Mutex/Monitor currently owned by a thread: None

heap address: 0x00000000e0000000, size: 512 MB, Compressed Oops mode: 32-bit
Narrow klass base: 0x0000000000000000, Narrow klass shift: 3
Compressed class space size: 1073741824 Address: 0x0000000100000000

Heap:
 PSYoungGen      total 76288K, used 44739K [0x00000000f5580000, 0x00000000faa80000, 0x0000000100000000)
  eden space 65536K, 55% used [0x00000000f5580000,0x00000000f791ec98,0x00000000f9580000)
  from space 10752K, 76% used [0x00000000f9580000,0x00000000f9d92158,0x00000000fa000000)
  to   space 10752K, 0% used [0x00000000fa000000,0x00000000fa000000,0x00000000faa80000)
 ParOldGen       total 175104K, used 7173K [0x00000000e0000000, 0x00000000eab00000, 0x00000000f5580000)
  object space 175104K, 4% used [0x00000000e0000000,0x00000000e0701490,0x00000000eab00000)
 Metaspace       used 31145K, capacity 32150K, committed 32432K, reserved 1077248K
  class space    used 4192K, capacity 4470K, committed 4528K, reserved 1048576K

Card table byte_map: [0x0000000012120000,0x0000000012230000] byte_map_base: 0x0000000011a20000

Marking Bits: (ParMarkBitMap*) 0x0000000075101020
 Begin Bits: [0x0000000012ae0000, 0x00000000132e0000)
 End Bits:   [0x00000000132e0000, 0x0000000013ae0000)

Polling page: 0x0000000000b10000

CodeCache: size=245760Kb used=9413Kb max_used=9413Kb free=236346Kb
 bounds [0x0000000002d60000, 0x00000000036a0000, 0x0000000011d60000]
 total_blobs=3092 nmethods=2412 adapters=593
 compilation: enabled

Compilation events (10 events):
Event: 3.852 Thread 0x0000000016437800 2411       3       jdk.internal.org.objectweb.asm.MethodWriter::put (1599 bytes)
Event: 3.854 Thread 0x0000000016437800 nmethod 2411 0x000000000368d590 code [0x000000000368de20, 0x0000000003691838]
Event: 3.854 Thread 0x0000000016437800 2412       3       java.lang.invoke.MethodHandleNatives::isCallerSensitive (29 bytes)
Event: 3.854 Thread 0x0000000016431800 2414       4       java.net.URLClassLoader$1::run (5 bytes)
Event: 3.854 Thread 0x0000000016437800 nmethod 2412 0x0000000003693d10 code [0x0000000003693ec0, 0x0000000003694568]
Event: 3.854 Thread 0x0000000016437800 2413       3       java.lang.invoke.MethodHandleNatives::canBeCalledVirtual (132 bytes)
Event: 3.855 Thread 0x00000000163d6800 2415   !   4       java.net.URLClassLoader$1::run (63 bytes)
Event: 3.855 Thread 0x0000000016437800 nmethod 2413 0x0000000003694750 code [0x0000000003694940, 0x0000000003695278]
Event: 3.873 Thread 0x0000000016437800 2416       3       jdk.internal.org.objectweb.asm.MethodVisitor::visitVarInsn (17 bytes)
Event: 3.873 Thread 0x0000000016437800 nmethod 2416 0x00000000036954d0 code [0x0000000003695640, 0x00000000036958a8]

GC Heap History (10 events):
Event: 2.675 GC heap before
{Heap before GC invocations=2 (full 0):
 PSYoungGen      total 76288K, used 71121K [0x00000000f5580000, 0x00000000faa80000, 0x0000000100000000)
  eden space 65536K, 99% used [0x00000000f5580000,0x00000000f9515110,0x00000000f9580000)
  from space 10752K, 55% used [0x00000000f9580000,0x00000000f9b5f458,0x00000000fa000000)
  to   space 10752K, 0% used [0x00000000fa000000,0x00000000fa000000,0x00000000faa80000)
 ParOldGen       total 175104K, used 16K [0x00000000e0000000, 0x00000000eab00000, 0x00000000f5580000)
  object space 175104K, 0% used [0x00000000e0000000,0x00000000e0004000,0x00000000eab00000)
 Metaspace       used 14435K, capacity 14950K, committed 15232K, reserved 1062912K
  class space    used 1965K, capacity 2099K, committed 2176K, reserved 1048576K
Event: 2.681 GC heap after
Heap after GC invocations=2 (full 0):
 PSYoungGen      total 76288K, used 9921K [0x00000000f5580000, 0x00000000faa80000, 0x0000000100000000)
  eden space 65536K, 0% used [0x00000000f5580000,0x00000000f5580000,0x00000000f9580000)
  from space 10752K, 92% used [0x00000000fa000000,0x00000000fa9b0580,0x00000000faa80000)
  to   space 10752K, 0% used [0x00000000f9580000,0x00000000f9580000,0x00000000fa000000)
 ParOldGen       total 175104K, used 24K [0x00000000e0000000, 0x00000000eab00000, 0x00000000f5580000)
  object space 175104K, 0% used [0x00000000e0000000,0x00000000e0006000,0x00000000eab00000)
 Metaspace       used 14435K, capacity 14950K, committed 15232K, reserved 1062912K
  class space    used 1965K, capacity 2099K, committed 2176K, reserved 1048576K
}
Event: 3.136 GC heap before
{Heap before GC invocations=3 (full 0):
 PSYoungGen      total 76288K, used 75457K [0x00000000f5580000, 0x00000000faa80000, 0x0000000100000000)
  eden space 65536K, 100% used [0x00000000f5580000,0x00000000f9580000,0x00000000f9580000)
  from space 10752K, 92% used [0x00000000fa000000,0x00000000fa9b0580,0x00000000faa80000)
  to   space 10752K, 0% used [0x00000000f9580000,0x00000000f9580000,0x00000000fa000000)
 ParOldGen       total 175104K, used 24K [0x00000000e0000000, 0x00000000eab00000, 0x00000000f5580000)
  object space 175104K, 0% used [0x00000000e0000000,0x00000000e0006000,0x00000000eab00000)
 Metaspace       used 20349K, capacity 21092K, committed 21248K, reserved 1067008K
  class space    used 2846K, capacity 3060K, committed 3072K, reserved 1048576K
Event: 3.144 GC heap after
Heap after GC invocations=3 (full 0):
 PSYoungGen      total 76288K, used 10740K [0x00000000f5580000, 0x00000000faa80000, 0x0000000100000000)
  eden space 65536K, 0% used [0x00000000f5580000,0x00000000f5580000,0x00000000f9580000)
  from space 10752K, 99% used [0x00000000f9580000,0x00000000f9ffd108,0x00000000fa000000)
  to   space 10752K, 0% used [0x00000000fa000000,0x00000000fa000000,0x00000000faa80000)
 ParOldGen       total 175104K, used 1386K [0x00000000e0000000, 0x00000000eab00000, 0x00000000f5580000)
  object space 175104K, 0% used [0x00000000e0000000,0x00000000e015aa48,0x00000000eab00000)
 Metaspace       used 20349K, capacity 21092K, committed 21248K, reserved 1067008K
  class space    used 2846K, capacity 3060K, committed 3072K, reserved 1048576K
}
Event: 3.178 GC heap before
{Heap before GC invocations=4 (full 0):
 PSYoungGen      total 76288K, used 13934K [0x00000000f5580000, 0x00000000faa80000, 0x0000000100000000)
  eden space 65536K, 4% used [0x00000000f5580000,0x00000000f589ea60,0x00000000f9580000)
  from space 10752K, 99% used [0x00000000f9580000,0x00000000f9ffd108,0x00000000fa000000)
  to   space 10752K, 0% used [0x00000000fa000000,0x00000000fa000000,0x00000000faa80000)
 ParOldGen       total 175104K, used 1386K [0x00000000e0000000, 0x00000000eab00000, 0x00000000f5580000)
  object space 175104K, 0% used [0x00000000e0000000,0x00000000e015aa48,0x00000000eab00000)
 Metaspace       used 20489K, capacity 21286K, committed 21296K, reserved 1067008K
  class space    used 2868K, capacity 3113K, committed 3120K, reserved 1048576K
Event: 3.182 GC heap after
Heap after GC invocations=4 (full 0):
 PSYoungGen      total 76288K, used 7432K [0x00000000f5580000, 0x00000000faa80000, 0x0000000100000000)
  eden space 65536K, 0% used [0x00000000f5580000,0x00000000f5580000,0x00000000f9580000)
  from space 10752K, 69% used [0x00000000fa000000,0x00000000fa742070,0x00000000faa80000)
  to   space 10752K, 0% used [0x00000000f9580000,0x00000000f9580000,0x00000000fa000000)
 ParOldGen       total 175104K, used 1394K [0x00000000e0000000, 0x00000000eab00000, 0x00000000f5580000)
  object space 175104K, 0% used [0x00000000e0000000,0x00000000e015ca48,0x00000000eab00000)
 Metaspace       used 20489K, capacity 21286K, committed 21296K, reserved 1067008K
  class space    used 2868K, capacity 3113K, committed 3120K, reserved 1048576K
}
Event: 3.182 GC heap before
{Heap before GC invocations=5 (full 1):
 PSYoungGen      total 76288K, used 7432K [0x00000000f5580000, 0x00000000faa80000, 0x0000000100000000)
  eden space 65536K, 0% used [0x00000000f5580000,0x00000000f5580000,0x00000000f9580000)
  from space 10752K, 69% used [0x00000000fa000000,0x00000000fa742070,0x00000000faa80000)
  to   space 10752K, 0% used [0x00000000f9580000,0x00000000f9580000,0x00000000fa000000)
 ParOldGen       total 175104K, used 1394K [0x00000000e0000000, 0x00000000eab00000, 0x00000000f5580000)
  object space 175104K, 0% used [0x00000000e0000000,0x00000000e015ca48,0x00000000eab00000)
 Metaspace       used 20489K, capacity 21286K, committed 21296K, reserved 1067008K
  class space    used 2868K, capacity 3113K, committed 3120K, reserved 1048576K
Event: 3.206 GC heap after
Heap after GC invocations=5 (full 1):
 PSYoungGen      total 76288K, used 0K [0x00000000f5580000, 0x00000000faa80000, 0x0000000100000000)
  eden space 65536K, 0% used [0x00000000f5580000,0x00000000f5580000,0x00000000f9580000)
  from space 10752K, 0% used [0x00000000fa000000,0x00000000fa000000,0x00000000faa80000)
  to   space 10752K, 0% used [0x00000000f9580000,0x00000000f9580000,0x00000000fa000000)
 ParOldGen       total 175104K, used 7165K [0x00000000e0000000, 0x00000000eab00000, 0x00000000f5580000)
  object space 175104K, 4% used [0x00000000e0000000,0x00000000e06ff490,0x00000000eab00000)
 Metaspace       used 20489K, capacity 21286K, committed 21296K, reserved 1067008K
  class space    used 2868K, capacity 3113K, committed 3120K, reserved 1048576K
}
Event: 3.653 GC heap before
{Heap before GC invocations=6 (full 1):
 PSYoungGen      total 76288K, used 65536K [0x00000000f5580000, 0x00000000faa80000, 0x0000000100000000)
  eden space 65536K, 100% used [0x00000000f5580000,0x00000000f9580000,0x00000000f9580000)
  from space 10752K, 0% used [0x00000000fa000000,0x00000000fa000000,0x00000000faa80000)
  to   space 10752K, 0% used [0x00000000f9580000,0x00000000f9580000,0x00000000fa000000)
 ParOldGen       total 175104K, used 7165K [0x00000000e0000000, 0x00000000eab00000, 0x00000000f5580000)
  object space 175104K, 4% used [0x00000000e0000000,0x00000000e06ff490,0x00000000eab00000)
 Metaspace       used 28290K, capacity 29136K, committed 29360K, reserved 1075200K
  class space    used 3896K, capacity 4155K, committed 4272K, reserved 1048576K
Event: 3.658 GC heap after
Heap after GC invocations=6 (full 1):
 PSYoungGen      total 76288K, used 8264K [0x00000000f5580000, 0x00000000faa80000, 0x0000000100000000)
  eden space 65536K, 0% used [0x00000000f5580000,0x00000000f5580000,0x00000000f9580000)
  from space 10752K, 76% used [0x00000000f9580000,0x00000000f9d92158,0x00000000fa000000)
  to   space 10752K, 0% used [0x00000000fa000000,0x00000000fa000000,0x00000000faa80000)
 ParOldGen       total 175104K, used 7173K [0x00000000e0000000, 0x00000000eab00000, 0x00000000f5580000)
  object space 175104K, 4% used [0x00000000e0000000,0x00000000e0701490,0x00000000eab00000)
 Metaspace       used 28290K, capacity 29136K, committed 29360K, reserved 1075200K
  class space    used 3896K, capacity 4155K, committed 4272K, reserved 1048576K
}

Deoptimization events (10 events):
Event: 3.334 Thread 0x0000000018f3b000 Uncommon trap: reason=unstable_if action=reinterpret pc=0x000000000308e2b0 method=java.util.LinkedHashMap.afterNodeInsertion(Z)V @ 1
Event: 3.490 Thread 0x0000000018f3b000 Uncommon trap: reason=class_check action=maybe_recompile pc=0x0000000002fb97fc method=sun.misc.URLClassPath.getLoader(I)Lsun/misc/URLClassPath$Loader; @ 94
Event: 3.490 Thread 0x0000000018f3b000 Uncommon trap: reason=class_check action=maybe_recompile pc=0x000000000313bae0 method=sun.misc.URLClassPath.getResource(Ljava/lang/String;Z)Lsun/misc/Resource; @ 62
Event: 3.490 Thread 0x0000000018f3b000 Uncommon trap: reason=unstable_if action=reinterpret pc=0x00000000032523f8 method=java.lang.String.regionMatches(ZILjava/lang/String;II)Z @ 41
Event: 3.493 Thread 0x0000000018f3b000 Uncommon trap: reason=unstable_if action=reinterpret pc=0x00000000033c0a8c method=java.lang.ClassLoader.getClassLoadingLock(Ljava/lang/String;)Ljava/lang/Object; @ 6
Event: 3.508 Thread 0x0000000018f3b000 Uncommon trap: reason=bimorphic action=maybe_recompile pc=0x00000000033ab550 method=java.io.BufferedInputStream.read([BII)I @ 101
Event: 3.509 Thread 0x0000000018f3b000 Uncommon trap: reason=bimorphic action=maybe_recompile pc=0x00000000033ab550 method=java.io.BufferedInputStream.read([BII)I @ 101
Event: 3.509 Thread 0x0000000018f3b000 Uncommon trap: reason=bimorphic action=maybe_recompile pc=0x00000000033ab550 method=java.io.BufferedInputStream.read([BII)I @ 101
Event: 3.510 Thread 0x0000000018f3b000 Uncommon trap: reason=bimorphic action=maybe_recompile pc=0x00000000033ab550 method=java.io.BufferedInputStream.read([BII)I @ 101
Event: 3.658 Thread 0x0000000018f3b000 Uncommon trap: reason=unstable_if action=reinterpret pc=0x0000000003489990 method=java.lang.String.regionMatches(ZILjava/lang/String;II)Z @ 41

Classes redefined (0 events):
No events

Internal exceptions (10 events):
Event: 3.745 Thread 0x0000000018f3b000 Exception <a 'java/lang/ClassNotFoundException': org/gradle/internal/metaobject/ConfigureDelegateBeanInfo> (0x00000000f6057b88) thrown at [C:\BuildAgent\work\75d02d3d85d636f1\hotspot\src\share\vm\classfile\systemDictionary.cpp, line 210]
Event: 3.745 Thread 0x0000000018f3b000 Exception <a 'java/lang/ClassNotFoundException': org/gradle/internal/metaobject/ConfigureDelegateCustomizer> (0x00000000f6085a98) thrown at [C:\BuildAgent\work\75d02d3d85d636f1\hotspot\src\share\vm\classfile\systemDictionary.cpp, line 210]
Event: 3.750 Thread 0x0000000018f3b000 Exception <a 'java/lang/ClassNotFoundException': org/gradle/api/internal/initialization/DefaultScriptHandlerBeanInfo> (0x00000000f61095b0) thrown at [C:\BuildAgent\work\75d02d3d85d636f1\hotspot\src\share\vm\classfile\systemDictionary.cpp, line 210]
Event: 3.750 Thread 0x0000000018f3b000 Exception <a 'java/lang/ClassNotFoundException': org/gradle/api/internal/initialization/DefaultScriptHandlerCustomizer> (0x00000000f613fb48) thrown at [C:\BuildAgent\work\75d02d3d85d636f1\hotspot\src\share\vm\classfile\systemDictionary.cpp, line 210]
Event: 3.803 Thread 0x0000000018f3b000 Exception <a 'java/lang/ClassNotFoundException': org/gradle/api/internal/artifacts/dsl/dependencies/DefaultDependencyHandler_DecoratedBeanInfo> (0x00000000f6a87f10) thrown at [C:\BuildAgent\work\75d02d3d85d636f1\hotspot\src\share\vm\classfile\systemDictio
Event: 3.804 Thread 0x0000000018f3b000 Exception <a 'java/lang/ClassNotFoundException': org/gradle/api/internal/artifacts/dsl/dependencies/DefaultDependencyHandlerBeanInfo> (0x00000000f6ae0d18) thrown at [C:\BuildAgent\work\75d02d3d85d636f1\hotspot\src\share\vm\classfile\systemDictionary.cpp, 
Event: 3.804 Thread 0x0000000018f3b000 Exception <a 'java/lang/ClassNotFoundException': org/gradle/api/internal/artifacts/dsl/dependencies/DefaultDependencyHandlerCustomizer> (0x00000000f6b3ad88) thrown at [C:\BuildAgent\work\75d02d3d85d636f1\hotspot\src\share\vm\classfile\systemDictionary.cpp
Event: 3.806 Thread 0x0000000018f3b000 Exception <a 'java/lang/ClassNotFoundException': org/gradle/api/internal/artifacts/dsl/dependencies/DefaultDependencyHandler_DecoratedCustomizer> (0x00000000f6bc60b8) thrown at [C:\BuildAgent\work\75d02d3d85d636f1\hotspot\src\share\vm\classfile\systemDict
Event: 3.849 Thread 0x0000000018f3b000 Exception <a 'java/lang/NoSuchMethodError': java.lang.Object.lambda$static$0(Lorg/gradle/api/internal/artifacts/configurations/MutationValidator$MutationType;)V> (0x00000000f738d988) thrown at [C:\BuildAgent\work\75d02d3d85d636f1\hotspot\src\share\vm\inte
Event: 3.875 Thread 0x0000000018f3b000 Exception <a 'java/lang/NoSuchMethodError': java.lang.Object.lambda$static$0(Lorg/gradle/internal/component/model/DependencyMetadata;)Lorg/gradle/api/internal/artifacts/ivyservice/dependencysubstitution/DependencySubstitutionApplicator$SubstitutionResult;

Events (10 events):
Event: 3.874 loading class org/gradle/api/internal/artifacts/DependencySubstitutionInternal
Event: 3.874 loading class org/gradle/api/internal/artifacts/DependencySubstitutionInternal done
Event: 3.874 loading class org/gradle/internal/component/model/DependencyMetadata
Event: 3.874 loading class org/gradle/internal/component/model/DependencyMetadata done
Event: 3.874 loading class org/gradle/api/internal/artifacts/ivyservice/dependencysubstitution/DependencySubstitutionApplicator$SubstitutionResult
Event: 3.874 loading class org/gradle/api/internal/artifacts/ivyservice/dependencysubstitution/DependencySubstitutionApplicator$SubstitutionResult done
Event: 3.875 loading class org/gradle/internal/component/model/DependencyMetadata
Event: 3.875 loading class org/gradle/internal/component/model/DependencyMetadata done
Event: 3.875 loading class org/gradle/api/internal/artifacts/ivyservice/dependencysubstitution/DependencySubstitutionApplicator
Event: 3.875 loading class org/gradle/api/internal/artifacts/ivyservice/dependencysubstitution/DependencySubstitutionApplicator done


Dynamic libraries:
0x00007ff7559a0000 - 0x00007ff7559d1000 	D:\learningMaterials\Future\my-deveco-studio\software\DevEco Studio\jbr\bin\java.exe
0x00007ffccc6c0000 - 0x00007ffccc8b0000 	C:\Windows\SYSTEM32\ntdll.dll
0x00007ffccaad0000 - 0x00007ffccab82000 	C:\Windows\System32\KERNEL32.DLL
0x00007ffcca390000 - 0x00007ffcca633000 	C:\Windows\System32\KERNELBASE.dll
0x00007ffccb400000 - 0x00007ffccb4a3000 	C:\Windows\System32\ADVAPI32.dll
0x00007ffcca770000 - 0x00007ffcca80e000 	C:\Windows\System32\msvcrt.dll
0x00007ffccb360000 - 0x00007ffccb3f7000 	C:\Windows\System32\sechost.dll
0x00007ffccb4f0000 - 0x00007ffccb610000 	C:\Windows\System32\RPCRT4.dll
0x00007ffccc360000 - 0x00007ffccc4f4000 	C:\Windows\System32\USER32.dll
0x00007ffcc9860000 - 0x00007ffcc9881000 	C:\Windows\System32\win32u.dll
0x00007ffcca950000 - 0x00007ffcca976000 	C:\Windows\System32\GDI32.dll
0x00007ffcc9890000 - 0x00007ffcc9a24000 	C:\Windows\System32\gdi32full.dll
0x00007ffcc97a0000 - 0x00007ffcc983e000 	C:\Windows\System32\msvcp_win.dll
0x00007ffcca290000 - 0x00007ffcca38a000 	C:\Windows\System32\ucrtbase.dll
0x00007ffcb5970000 - 0x00007ffcb5bf5000 	C:\Windows\WinSxS\amd64_microsoft.windows.common-controls_6595b64144ccf1df_6.0.18362.592_none_e6c0b1911312be02\COMCTL32.dll
0x00007ffccab90000 - 0x00007ffccaec6000 	C:\Windows\System32\combase.dll
0x00007ffcca640000 - 0x00007ffcca6c0000 	C:\Windows\System32\bcryptPrimitives.dll
0x00007ffccb4b0000 - 0x00007ffccb4de000 	C:\Windows\System32\IMM32.DLL
0x0000000074770000 - 0x0000000074842000 	D:\learningMaterials\Future\my-deveco-studio\software\DevEco Studio\jbr\jre\bin\msvcr100.dll
0x0000000074930000 - 0x000000007517d000 	D:\learningMaterials\Future\my-deveco-studio\software\DevEco Studio\jbr\jre\bin\server\jvm.dll
0x00007ffccb1e0000 - 0x00007ffccb1e8000 	C:\Windows\System32\PSAPI.DLL
0x00007ffcc2730000 - 0x00007ffcc2739000 	C:\Windows\SYSTEM32\WSOCK32.dll
0x00007ffcc71d0000 - 0x00007ffcc71f4000 	C:\Windows\SYSTEM32\WINMM.dll
0x00007ffccbd80000 - 0x00007ffccbdef000 	C:\Windows\System32\WS2_32.dll
0x00007ffcc9190000 - 0x00007ffcc919a000 	C:\Windows\SYSTEM32\VERSION.dll
0x00007ffcc6e30000 - 0x00007ffcc6e5d000 	C:\Windows\SYSTEM32\winmmbase.dll
0x00007ffcc9a30000 - 0x00007ffcc9a7a000 	C:\Windows\System32\cfgmgr32.dll
0x00007ffcbbc30000 - 0x00007ffcbbc3f000 	D:\learningMaterials\Future\my-deveco-studio\software\DevEco Studio\jbr\jre\bin\verify.dll
0x00007ffcba0d0000 - 0x00007ffcba0f9000 	D:\learningMaterials\Future\my-deveco-studio\software\DevEco Studio\jbr\jre\bin\java.dll
0x00007ffcba560000 - 0x00007ffcba576000 	D:\learningMaterials\Future\my-deveco-studio\software\DevEco Studio\jbr\jre\bin\zip.dll
0x00007ffccb610000 - 0x00007ffccbcf5000 	C:\Windows\System32\SHELL32.dll
0x00007ffccc500000 - 0x00007ffccc5a9000 	C:\Windows\System32\shcore.dll
0x00007ffcc9ab0000 - 0x00007ffcca22f000 	C:\Windows\System32\windows.storage.dll
0x00007ffcc9630000 - 0x00007ffcc964f000 	C:\Windows\System32\profapi.dll
0x00007ffcc95c0000 - 0x00007ffcc960a000 	C:\Windows\System32\powrprof.dll
0x00007ffcc9590000 - 0x00007ffcc95a0000 	C:\Windows\System32\UMPDC.dll
0x00007ffccb1f0000 - 0x00007ffccb242000 	C:\Windows\System32\shlwapi.dll
0x00007ffcc95a0000 - 0x00007ffcc95b1000 	C:\Windows\System32\kernel.appcore.dll
0x00007ffcc9840000 - 0x00007ffcc9857000 	C:\Windows\System32\cryptsp.dll
0x00007ffcb9670000 - 0x00007ffcb968a000 	D:\learningMaterials\Future\my-deveco-studio\software\DevEco Studio\jbr\jre\bin\net.dll
0x00007ffcc8d90000 - 0x00007ffcc8df7000 	C:\Windows\system32\mswsock.dll
0x00007ffcb7ff0000 - 0x00007ffcb8002000 	D:\learningMaterials\Future\my-deveco-studio\software\DevEco Studio\jbr\jre\bin\nio.dll
0x00007ffcb6be0000 - 0x00007ffcb6c07000 	C:\Users\Administrator\.gradle\native\c976cfcca226fdd4bee4412e95191dd41148b7504f9625baeda1d523bc39a967\windows-amd64\native-platform.dll
0x00007ffcc5af0000 - 0x00007ffcc5afd000 	D:\learningMaterials\Future\my-deveco-studio\software\DevEco Studio\jbr\jre\bin\management.dll
0x00007ffcc8900000 - 0x00007ffcc8933000 	C:\Windows\system32\rsaenh.dll
0x00007ffcc9a80000 - 0x00007ffcc9aa6000 	C:\Windows\System32\bcrypt.dll
0x00007ffcc9480000 - 0x00007ffcc94a5000 	C:\Windows\SYSTEM32\USERENV.dll
0x00007ffcc8f60000 - 0x00007ffcc8f6c000 	C:\Windows\SYSTEM32\CRYPTBASE.dll
0x00007ffcc8aa0000 - 0x00007ffcc8ada000 	C:\Windows\SYSTEM32\IPHLPAPI.DLL
0x00007ffccb4e0000 - 0x00007ffccb4e8000 	C:\Windows\System32\NSI.dll
0x00007ffcbf770000 - 0x00007ffcbf786000 	C:\Windows\SYSTEM32\dhcpcsvc6.DLL
0x00007ffcbf750000 - 0x00007ffcbf76c000 	C:\Windows\SYSTEM32\dhcpcsvc.DLL
0x00007ffcc8ae0000 - 0x00007ffcc8baa000 	C:\Windows\SYSTEM32\DNSAPI.dll

VM Arguments:
jvm_args: -XX:MaxMetaspaceSize=256m -XX:+HeapDumpOnOutOfMemoryError -Xms256m -Xmx512m -Dfile.encoding=UTF-8 -Duser.country=CN -Duser.language=zh -Duser.variant 
java_command: org.gradle.launcher.daemon.bootstrap.GradleDaemon 6.3
java_class_path (initial): D:\learningMaterials\Future\my-deveco-studio\software\DevEco Studio\tools\gradle\lib\gradle-launcher-6.3.jar
Launcher Type: SUN_STANDARD

Environment Variables:
JAVA_HOME=D:\learningMaterials\JDK\jdkSoftware
CLASSPATH= .;D:\learningMaterials\JDK\jdkSoftware\lib\dt.jar;D:\learningMaterials\JDK\jdkSoftware\lib\tools.jar
PATH=D:\learningMaterials\Xftp\;C:\Program Files (x86)\Common Files\Oracle\Java\javapath;D:\learningMaterials\JDK\jdkSoftware\bin;C:\ProgramData\Oracle\Java\javapath;C:\Windows\system32;C:\Windows;C:\Windows\System32\Wbem;C:\Windows\System32\WindowsPowerShell\v1.0\;C:\Windows\System32\OpenSSH\;D:\learningMaterials\git\software\Git\cmd;D:\learningMaterials\Future\my-deveco-studio\node.js\;C:\Users\Administrator\AppData\Local\Microsoft\WindowsApps;;D:\learningMaterials\Future\my-deveco-studio\software\DevEco Studio\bin;;C:\Users\Administrator\AppData\Roaming\npm;D:\learningMaterials\Future\idea2020\software\IntelliJ IDEA 2020.1\bin;
USERNAME=Administrator
OS=Windows_NT
PROCESSOR_IDENTIFIER=Intel64 Family 6 Model 158 Stepping 10, GenuineIntel



---------------  S Y S T E M  ---------------

OS: Windows 10.0 , 64 bit Build 18362 (10.0.18362.329)

CPU:total 8 (initial active 8) (4 cores per cpu, 2 threads per core) family 6 model 158 stepping 10, cmov, cx8, fxsr, mmx, sse, sse2, sse3, ssse3, sse4.1, sse4.2, popcnt, avx, avx2, aes, clmul, erms, 3dnowpref, lzcnt, ht, tsc, tscinvbit, bmi1, bmi2, adx

Memory: 4k page, physical 16634436k(11396816k free), swap 30373996k(5372k free)

vm_info: OpenJDK 64-Bit Server VM (25.252-b2) for windows-amd64 JRE (1.8.0_252-release-1649-b2), built on Apr 30 2020 07:31:09 by "builduser" with MS VC++ 10.0 (VS2010)

time: Sat Mar 20 09:18:26 2021
timezone: 中国标准时间
elapsed time: 3 seconds (0d 0h 0m 3s)

